fmax_comp = fmax_comp = fmax_comp = 0.0275409
fmax_comp = 0.0331645
fmax_comp = 0.0398695
fmax_comp = 0.121972
fmax_comp = 0.0257987
fmax_comp = 0.0275409
fmax_comp = 0.188677
fmax_comp = fmax_comp = 0.131454fmax_comp = 0.02808550.08446180.1314540.121972




fmax_comp = 0.0354382
fmax_comp = 0.0446209
fmax_comp = 0.105315
fmax_comp = 0.121972
fmax_comp = 0.131454
fmax_comp = 0.188677
fmax_comp = 0.028418
fmax_comp = 0.0894484
fmax_comp = 0.0274312
fmax_comp = 0.0277923
fmax_comp = 0.0782819
fmax_comp = 0.0275409
fmax_comp = 0.0276075
fmax_comp = 0.121972
fmax_comp = 0.0398695
fmax_comp = 0.105315
fmax_comp = 0.0360669
fmax_comp = 0.105315
fmax_comp = 0.0894484
fmax_comp = 0.0398695
fmax_comp = 0.0894484
fmax_comp = 0.121972
fmax_comp = 0.0491238
fmax_comp = 0.0398695
fmax_comp = 0.0398695
*** Warning(EqkCut): Time length <20% after removing earthquakes (/lustre/janus_scratch/howa1663/CC_JdF/2011.NOV/2011.NOV.2/ft_2011.NOV.2.M06A.BHZ.SAC_orig) ***fmax_comp = 0.0277923
fmax_comp = 0.0398695
fmax_comp = 0.027287
fmax_comp = 0.0398695
fmax_comp = 0.121972
*** Warning(EqkCut): Time length <20% after removing earthquakes (/lustre/janus_scratch/howa1663/CC_JdF/2011.OCT/2011.OCT.21/ft_2011.OCT.21.M06A.BHZ.SAC_orig) ***fmax_comp = 0.0331645
fmax_comp = 0.027287
fmax_comp = 0.0984036
fmax_comp = 0.0446209
fmax_comp = 0.0844618
fmax_comp = 0.0844618
fmax_comp = 0.0277923
fmax_comp = 0.131454
fmax_comp = 0.0382898
fmax_comp = 0.0398695
fmax_comp = 0.0382898
*** Warning(EqkCut): Time length <20% after removing earthquakes (/lustre/janus_scratch/howa1663/CC_JdF/2011.OCT/2011.OCT.27/ft_2011.OCT.27.J36A.BHZ.SAC_orig) ***fmax_comp = 0.0720959
fmax_comp = 0.0298561
fmax_comp = 0.0398695
fmax_comp = 0.0922602
fmax_comp = 0.0279839
fmax_comp = 0.028418
fmax_comp = 0.0285058
fmax_comp = 0.0275409
fmax_comp = 0.0295759
fmax_comp = 0.0398695
fmax_comp = 0.0277957
fmax_comp = 0.0285058
fmax_comp = 0.0984036
*** Warning(EqkCut): Time length <20% after removing earthquakes (/lustre/janus_scratch/howa1663/CC_JdF/2012.APR/2012.APR.13/ft_2012.APR.13.J59A.BHZ.SAC_orig) ***fmax_comp = 0.0285058
fmax_comp = 0.0298561
fmax_comp = 0.0354382
fmax_comp = 0.0279839
fmax_comp = 0.0398695
fmax_comp = 0.0285058
fmax_comp = 0.0257987
fmax_comp = 0.0277923
fmax_comp = 0.028418
fmax_comp = 0.0285058
fmax_comp = 0.0283081
fmax_comp = 0.0398695
fmax_comp = 0.0276075
fmax_comp = 0.0256857
fmax_comp = 0.0282212
fmax_comp = 0.095888
fmax_comp = 0.0721028
fmax_comp = 0.0379926
fmax_comp = 0.0286941
fmax_comp = 0.0263513
fmax_comp = 0.0273204
fmax_comp = 0.0721028
fmax_comp = 0.0555604
fmax_comp = 0.0270254
fmax_comp = 0.0416828
fmax_comp = 0.0555604
fmax_comp = 0.026047
fmax_comp = 0.0636524
fmax_comp = 0.0810897
fmax_comp = 0.0636524
fmax_comp = 0.0268111
fmax_comp = 0.0257987
fmax_comp = 0.0398695
fmax_comp = 0.0271457
fmax_comp = 0.0280855
fmax_comp = 0.0354382
fmax_comp = 0.0398695
fmax_comp = 0.131454
fmax_comp = 0.0257987
fmax_comp = 0.0398695
fmax_comp = 0.0398695
fmax_comp = 0.0398695
fmax_comp = 0.131454
fmax_comp = 0.0398695
fmax_comp = 0.0398695
fmax_comp = 0.0398695
fmax_comp = 0.0398695
fmax_comp = 0.0398695
fmax_comp = 0.188677
fmax_comp = 0.027287
fmax_comp = 0.0331645
fmax_comp = 0.121972
fmax_comp = 0.121972
fmax_comp = 0.095888
fmax_comp = 0.188677
fmax_comp = 0.0857833
fmax_comp = 0.0446209
fmax_comp = 0.0720959
fmax_comp = 0.105315
fmax_comp = 0.131454
*** Warning(EqkCut): Time length <20% after removing earthquakes (/lustre/janus_scratch/howa1663/CC_JdF/2012.JUN/2012.JUN.20/ft_2012.JUN.20.J57A.BHZ.SAC_orig) ***fmax_comp = 0.0360669
fmax_comp = 0.095888
fmax_comp = 0.0398695
fmax_comp = 0.0844618
fmax_comp = 0.0782819
fmax_comp = 0.0984036
fmax_comp = 0.0270238
fmax_comp = 0.0282212
fmax_comp = 0.0857833
fmax_comp = 0.0984036
fmax_comp = 0.0280855
fmax_comp = 0.0279082
fmax_comp = 0.028501
fmax_comp = 0.105315
fmax_comp = 0.0279082
fmax_comp = 0.0279808
*** Warning(EqkCut): Time length <20% after removing earthquakes (/lustre/janus_scratch/howa1663/CC_JdF/2012.JUN/2012.JUN.5/ft_2012.JUN.5.J73A.BHZ.SAC_orig) ***fmax_comp = 0.0354382
fmax_comp = 0.0720959
fmax_comp = 0.0277957
fmax_comp = 0.0984036
fmax_comp = 0.0782819
fmax_comp = 0.0271395
fmax_comp = 0.0275409
fmax_comp = 0.0271395
fmax_comp = 0.027287
fmax_comp = 0.0277923
fmax_comp = 0.0922602
fmax_comp = 0.0894484
fmax_comp = 0.0398695
fmax_comp = 0.0922602
fmax_comp = 0.0555604
*** Warning(EqkCut): Time length <20% after removing earthquakes (/lustre/janus_scratch/howa1663/CC_JdF/2012.MAR/2012.MAR.17/ft_2012.MAR.17.J33A.BHZ.SAC_orig) ***fmax_comp = 0.0979227
fmax_comp = 0.0279814
fmax_comp = 0.0263513
fmax_comp = 0.0997057
fmax_comp = 0.0636524
fmax_comp = 0.0997057
fmax_comp = 0.0997057
*** Warning(EqkCut): Time length <20% after removing earthquakes (/lustre/janus_scratch/howa1663/CC_JdF/2012.NOV/2012.NOV.6/ft_2012.NOV.6.J63B.BHZ.SAC_orig) ***fmax_comp = 0.0997057
fmax_comp = 0.0997057
fmax_comp = 0.0997057
fmax_comp = 0.0997057
fmax_comp = 0.0997057
fmax_comp = 0.0997057
fmax_comp = 0.0997057
fmax_comp = 0.0997057
fmax_comp = 0.0826089
*** Warning(EqkCut): Time length <20% after removing earthquakes (/lustre/janus_scratch/howa1663/CC_JdF/2012.OCT/2012.OCT.11/ft_2012.OCT.11.FS11B.BHZ.SAC_orig) ***fmax_comp = 0.119494
fmax_comp = 0.0273204
fmax_comp = 0.0257944
fmax_comp = 0.0272397
fmax_comp = 0.0416828
fmax_comp = 0.0257944
fmax_comp = 0.0430057
fmax_comp = 0.0395745
*** Warning(EqkCut): Time length <20% after removing earthquakes (/lustre/janus_scratch/howa1663/CC_JdF/2012.SEP/2012.SEP.24/ft_2012.SEP.24.FS08B.BHZ.SAC_orig) ***fmax_comp = 0.0636524
fmax_comp = 0.0274228
fmax_comp = 0.0263996
fmax_comp = 0.0281331
fmax_comp = 0.0894219
fmax_comp = 0.039909
fmax_comp = 0.0382911
*** Warning(EqkCut): Time length <20% after removing earthquakes (/lustre/janus_scratch/howa1663/CC_JdF/2013.OCT/2013.OCT.10/ft_2013.OCT.10.M07C.BHZ.SAC_orig) ***fmax_comp = 0.0269997
*** Warning(EqkCut): Time length <20% after removing earthquakes (/lustre/janus_scratch/howa1663/CC_JdF/2013.FEB/2013.FEB.23/ft_2013.FEB.23.J27B.BHZ.SAC_orig) ***fmax_comp = 0.0256772
fmax_comp = 0.0926309
fmax_comp = 0.0635984
*** Warning(EqkCut): Time length <20% after removing earthquakes (/lustre/janus_scratch/howa1663/CC_JdF/2013.FEB/2013.FEB.28/ft_2013.FEB.28.M12B.BHZ.SAC_orig) ***fmax_comp = 0.02674
fmax_comp = 0.0926309
fmax_comp = 0.0926309
*** Warning(EqkCut): Time length <20% after removing earthquakes (/lustre/janus_scratch/howa1663/CC_JdF/2013.JUN/2013.JUN.20/ft_2013.JUN.20.G37B.BHZ.SAC_orig) ***fmax_comp = 0.0926309
fmax_comp = 0.0295733
fmax_comp = 0.179589
fmax_comp = 0.039909
fmax_comp = 0.0298881
fmax_comp = 0.0958884
fmax_comp = 0.0743198
fmax_comp = 0.142962
fmax_comp = 0.0283083
fmax_comp = 0.0283083
fmax_comp = 0.0295182
fmax_comp = 0.0283083
fmax_comp = 0.0894219
fmax_comp = 0.0277919
fmax_comp = 0.0282202
fmax_comp = 0.105274
fmax_comp = 0.0357784
fmax_comp = 0.0281331
fmax_comp = 0.0282202
fmax_comp = 0.0922357
fmax_comp = 0.0271438
fmax_comp = 0.0926309
fmax_comp = 0.0227889
fmax_comp = 0.034458
fmax_comp = 0.026707
fmax_comp = 0.0354529
fmax_comp = 0.0508278
fmax_comp = 0.0592242
fmax_comp = 0.0926309
fmax_comp = 0.0269999
fmax_comp = 0.0399589
fmax_comp = 0.0492301
fmax_comp = 0.0926309
fmax_comp = 0.0385622
fmax_comp = 0.0453145
fmax_comp = 0.0964366
fmax_comp = 0.0259464
fmax_comp = 0.0259464
fmax_comp = 0.0399589
fmax_comp = 0.123279
fmax_comp = 0.0635984
fmax_comp = 0.0926309
fmax_comp = 0.0926309
fmax_comp = 0.0342061
fmax_comp = 0.0926309
fmax_comp = 0.0259464
fmax_comp = 0.0396696
fmax_comp = 0.0489718
fmax_comp = 0.0635984
fmax_comp = 0.0635984
fmax_comp = 0.10074
fmax_comp = 0.0714395
fmax_comp = 0.0687047
fmax_comp = 0.0635984
fmax_comp = 0.0635984
fmax_comp = 0.0422911
fmax_comp = 0.0635984
fmax_comp = 0.0635984
fmax_comp = 0.0635984
fmax_comp = 0.0354529
fmax_comp = 0.0266813
fmax_comp = 0.0261224
fmax_comp = 0.027854
fmax_comp = 0.0262282
fmax_comp = 0.0592242
fmax_comp = 0.0635984
fmax_comp = 0.0635984
fmax_comp = 0.0635984
fmax_comp = 0.0635984
fmax_comp = 0.0508278
fmax_comp = 0.0387063
fmax_comp = 0.0256772
fmax_comp = 0.0822279
fmax_comp = 0.0827441
fmax_comp = 0.0489718
fmax_comp = 0.0220112
fmax_comp = 0.027854
fmax_comp = 0.0266813
fmax_comp = 0.0272902
fmax_comp = 0.0262408
fmax_comp = 0.0262282
fmax_comp = 0.0273221
fmax_comp = 0.0422911
fmax_comp = 0.0261224
fmax_comp = 0.0714395
fmax_comp = 0.0399589
fmax_comp = 0.02674
fmax_comp = 0.0583488
fmax_comp = 0.0771217
fmax_comp = 0.0259464
fmax_comp = 0.0635984
fmax_comp = 0.0485649
fmax_comp = 0.0266813
fmax_comp = 0.0266551
fmax_comp = 0.0926309
fmax_comp = 0.0220112
fmax_comp = 0.0266813
fmax_comp = 0.0270761
fmax_comp = 0.0387063
fmax_comp = 0.0485649
fmax_comp = 0.026707
fmax_comp = 0.0273221
fmax_comp = 0.0635984
fmax_comp = 0.0635984
fmax_comp = 0.02674
fmax_comp = 0.0258279
fmax_comp = 0.0592242
fmax_comp = 0.027854
fmax_comp = 0.0635984
fmax_comp = 0.0492301
fmax_comp = 0.0396696
fmax_comp = 0.0674153
fmax_comp = 0.0583488
fmax_comp = 0.0387063
*** Warning(EqkCut): Time length <20% after removing earthquakes (/lustre/janus_scratch/howa1663/CC_JdF/2015.MAR/2015.MAR.26/ft_2015.MAR.26.FS11D.BHZ.SAC_orig) ***fmax_comp = 0.0256772
fmax_comp = 0.0635984
fmax_comp = 0.0822279
fmax_comp = 0.0266813
fmax_comp = 0.02674
*** Warning(EqkCut): Time length <20% after removing earthquakes (/lustre/janus_scratch/howa1663/CC_JdF/2015.MAR/2015.MAR.9/ft_2015.MAR.9.G26D.BHZ.SAC_orig) ***