fmax_comp = fmax_comp = fmax_comp = inf
fmax_comp = fmax_comp = inf
fmax_comp = inf
fmax_comp = inf
fmax_comp = fmax_comp = infinf
inf

inf
fmax_comp = inf
fmax_comp = fmax_comp = inf
inf
inf
Warning(StaSacs): empty/non-accessable sacD (Load: Invalid or non-accessable file (reading from /lustre/janus_scratch/howa1663/Seis_Data/SAC_JdF/Hydrophone/2016.MAR/2016.MAR.31/ft_2016.MAR.31.WVOR.BDH.SAC).)
Warning(StaSacs): empty/non-accessable sacD (Load: Invalid or non-accessable file (reading from /lustre/janus_scratch/howa1663/Seis_Data/SAC_JdF/Hydrophone/2016.MAR/2016.MAR.31/ft_2016.MAR.31.YACT.BDH.SAC).)
Warning(StaSacs): empty/non-accessable sacD (Load: Invalid or non-accessable file (reading from /lustre/janus_scratch/howa1663/Seis_Data/SAC_JdF/Hydrophone/2016.MAR/2016.MAR.31/ft_2016.MAR.31.WISH.BDH.SAC).)
Warning(StaSacs): empty/non-accessable sacD (Load: Invalid or non-accessable file (reading from /lustre/janus_scratch/howa1663/Seis_Data/SAC_JdF/Hydrophone/2016.MAR/2016.MAR.3/ft_2016.MAR.3.D03D.BDH.SAC).)
Warning(StaSacs): empty/non-accessable sacD (Load: Invalid or non-accessable file (reading from /lustre/janus_scratch/howa1663/Seis_Data/SAC_JdF/Hydrophone/2016.MAR/2016.MAR.3/ft_2016.MAR.3.COR.BDH.SAC).)
Warning(StaSacs): empty/non-accessable sacD (Load: Invalid or non-accessable file (reading from /lustre/janus_scratch/howa1663/Seis_Data/SAC_JdF/Hydrophone/2016.MAR/2016.MAR.31/ft_2016.MAR.31.WOLL.BDH.SAC).)
Warning(StaSacs): empty/non-accessable sacD (Load: Invalid or non-accessable file (reading from /lustre/janus_scratch/howa1663/Seis_Data/SAC_JdF/Hydrophone/2016.MAR/2016.MAR.3/ft_2016.MAR.3.C06D.BDH.SAC).)
Warning(StaSacs): empty/non-accessable sacD (Load: Invalid or non-accessable file (reading from /lustre/janus_scratch/howa1663/Seis_Data/SAC_JdF/Hydrophone/2016.MAR/2016.MAR.3/ft_2016.MAR.3.B05D.BDH.SAC).)
Warning(StaSacs): empty/non-accessable sacD (Load: Invalid or non-accessable file (reading from /lustre/janus_scratch/howa1663/Seis_Data/SAC_JdF/Hydrophone/2016.MAR/2016.MAR.3/ft_2016.MAR.3.A04D.BDH.SAC).)
Warning(StaSacs): empty/non-accessable sacD (Load: Invalid or non-accessable file (reading from /lustre/janus_scratch/howa1663/Seis_Data/SAC_JdF/Hydrophone/2016.MAR/2016.MAR.3/ft_2016.MAR.3.D04E.BDH.SAC).)
Warning(StaSacs): empty/non-accessable sacD (Load: Invalid or non-accessable file (reading from /lustre/janus_scratch/howa1663/Seis_Data/SAC_JdF/Hydrophone/2016.MAR/2016.MAR.3/ft_2016.MAR.3.BLOW.BDH.SAC).)
Warning(StaSacs): empty/non-accessable sacD (Load: Invalid or non-accessable file (reading from /lustre/janus_scratch/howa1663/Seis_Data/SAC_JdF/Hydrophone/2016.MAR/2016.MAR.3/ft_2016.MAR.3.CCRK.BDH.SAC).)
fmax_comp = inf
Warning(StaSacs): empty/non-accessable sacD (Load: Invalid or non-accessable file (reading from /lustre/janus_scratch/howa1663/Seis_Data/SAC_JdF/Hydrophone/2016.MAR/2016.MAR.3/ft_2016.MAR.3.DAVN.BDH.SAC).)
fmax_comp = inf
Warning(StaSacs): empty/non-accessable sacD (Load: Invalid or non-accessable file (reading from /lustre/janus_scratch/howa1663/Seis_Data/SAC_JdF/Hydrophone/2016.MAR/2016.MAR.3/ft_2016.MAR.3.DBO.BDH.SAC).)
fmax_comp = inf
fmax_comp = inf
Warning(StaSacs): empty/non-accessable sacD (Load: Invalid or non-accessable file (reading from /lustre/janus_scratch/howa1663/Seis_Data/SAC_JdF/Hydrophone/2016.MAR/2016.MAR.3/ft_2016.MAR.3.DDRF.BDH.SAC).)
Warning(StaSacs): empty/non-accessable sacD (Load: Invalid or non-accessable file (reading from /lustre/janus_scratch/howa1663/Seis_Data/SAC_JdF/Hydrophone/2016.MAR/2016.MAR.3/ft_2016.MAR.3.E04D.BDH.SAC).)
fmax_comp = inf
fmax_comp = inf
fmax_comp = 0.0227889
fmax_comp = 0.0217818
Warning(StaSacs): empty/non-accessable sacD (Load: Invalid or non-accessable file (reading from /lustre/janus_scratch/howa1663/Seis_Data/SAC_JdF/Hydrophone/2016.MAR/2016.MAR.3/ft_2016.MAR.3.F04D.BDH.SAC).)
Warning(StaSacs): empty/non-accessable sacD (Load: Invalid or non-accessable file (reading from /lustre/janus_scratch/howa1663/Seis_Data/SAC_JdF/Hydrophone/2016.MAR/2016.MAR.3/ft_2016.MAR.3.F05D.BDH.SAC).)
fmax_comp = inf
fmax_comp = inf
fmax_comp = inf
Warning(StaSacs): empty/non-accessable sacD (Load: Invalid or non-accessable file (reading from /lustre/janus_scratch/howa1663/Seis_Data/SAC_JdF/Hydrophone/2016.MAR/2016.MAR.3/ft_2016.MAR.3.G05D.BDH.SAC).)
Warning(StaSacs): empty/non-accessable sacD (Load: Invalid or non-accessable file (reading from /lustre/janus_scratch/howa1663/Seis_Data/SAC_JdF/Hydrophone/2016.MAR/2016.MAR.3/ft_2016.MAR.3.G03D.BDH.SAC).)
Warning(StaSacs): empty/non-accessable sacD (Load: Invalid or non-accessable file (reading from /lustre/janus_scratch/howa1663/Seis_Data/SAC_JdF/Hydrophone/2016.MAR/2016.MAR.3/ft_2016.MAR.3.GNW.BDH.SAC).)
Warning(StaSacs): empty/non-accessable sacD (Load: Invalid or non-accessable file (reading from /lustre/janus_scratch/howa1663/Seis_Data/SAC_JdF/Hydrophone/2016.MAR/2016.MAR.3/ft_2016.MAR.3.H04D.BDH.SAC).)
Warning(StaSacs): empty/non-accessable sacD (Load: Invalid or non-accessable file (reading from /lustre/janus_scratch/howa1663/Seis_Data/SAC_JdF/Hydrophone/2016.MAR/2016.MAR.3/ft_2016.MAR.3.HAWA.BDH.SAC).)
fmax_comp = inf
Warning(StaSacs): empty/non-accessable sacD (Load: Invalid or non-accessable file (reading from /lustre/janus_scratch/howa1663/Seis_Data/SAC_JdF/Hydrophone/2016.MAR/2016.MAR.3/ft_2016.MAR.3.HEBO.BDH.SAC).)
fmax_comp = inf
Warning(StaSacs): empty/non-accessable sacD (Load: Invalid or non-accessable file (reading from /lustre/janus_scratch/howa1663/Seis_Data/SAC_JdF/Hydrophone/2016.MAR/2016.MAR.3/ft_2016.MAR.3.HOOD.BDH.SAC).)
fmax_comp = inf
fmax_comp = inf
Warning(StaSacs): empty/non-accessable sacD (Load: Invalid or non-accessable file (reading from /lustre/janus_scratch/howa1663/Seis_Data/SAC_JdF/Hydrophone/2016.MAR/2016.MAR.3/ft_2016.MAR.3.HUMO.BDH.SAC).)
Warning(StaSacs): empty/non-accessable sacD (Load: Invalid or non-accessable file (reading from /lustre/janus_scratch/howa1663/Seis_Data/SAC_JdF/Hydrophone/2016.MAR/2016.MAR.3/ft_2016.MAR.3.I02E.BDH.SAC).)
fmax_comp = inf
fmax_comp = inf
Warning(StaSacs): empty/non-accessable sacD (Load: Invalid or non-accessable file (reading from /lustre/janus_scratch/howa1663/Seis_Data/SAC_JdF/Hydrophone/2016.MAR/2016.MAR.3/ft_2016.MAR.3.I03D.BDH.SAC).)
Warning(StaSacs): empty/non-accessable sacD (Load: Invalid or non-accessable file (reading from /lustre/janus_scratch/howa1663/Seis_Data/SAC_JdF/Hydrophone/2016.MAR/2016.MAR.3/ft_2016.MAR.3.I04A.BDH.SAC).)
fmax_comp = inf
Warning(StaSacs): empty/non-accessable sacD (Load: Invalid or non-accessable file (reading from /lustre/janus_scratch/howa1663/Seis_Data/SAC_JdF/Hydrophone/2016.MAR/2016.MAR.3/ft_2016.MAR.3.I05D.BDH.SAC).)
fmax_comp = inf
fmax_comp = inf
Warning(StaSacs): empty/non-accessable sacD (Load: Invalid or non-accessable file (reading from /lustre/janus_scratch/howa1663/Seis_Data/SAC_JdF/Hydrophone/2016.MAR/2016.MAR.3/ft_2016.MAR.3.IRON.BDH.SAC).)
fmax_comp = inf
Warning(StaSacs): empty/non-accessable sacD (Load: Invalid or non-accessable file (reading from /lustre/janus_scratch/howa1663/Seis_Data/SAC_JdF/Hydrophone/2016.MAR/2016.MAR.3/ft_2016.MAR.3.IZEE.BDH.SAC).)
fmax_comp = inf
Warning(StaSacs): empty/non-accessable sacD (Load: Invalid or non-accessable file (reading from /lustre/janus_scratch/howa1663/Seis_Data/SAC_JdF/Hydrophone/2016.MAR/2016.MAR.3/ft_2016.MAR.3.J01E.BDH.SAC).)
Warning(StaSacs): empty/non-accessable sacD (Load: Invalid or non-accessable file (reading from /lustre/janus_scratch/howa1663/Seis_Data/SAC_JdF/Hydrophone/2016.MAR/2016.MAR.3/ft_2016.MAR.3.J04D.BDH.SAC).)
fmax_comp = inf
Warning(StaSacs): empty/non-accessable sacD (Load: Invalid or non-accessable file (reading from /lustre/janus_scratch/howa1663/Seis_Data/SAC_JdF/Hydrophone/2016.MAR/2016.MAR.3/ft_2016.MAR.3.J05D.BDH.SAC).)
fmax_comp = inf
Warning(StaSacs): empty/non-accessable sacD (Load: Invalid or non-accessable file (reading from /lustre/janus_scratch/howa1663/Seis_Data/SAC_JdF/Hydrophone/2016.MAR/2016.MAR.3/ft_2016.MAR.3.K02D.BDH.SAC).)
fmax_comp = inf
Warning(StaSacs): empty/non-accessable sacD (Load: Invalid or non-accessable file (reading from /lustre/janus_scratch/howa1663/Seis_Data/SAC_JdF/Hydrophone/2016.MAR/2016.MAR.3/ft_2016.MAR.3.K04D.BDH.SAC).)
fmax_comp = inf
fmax_comp = inf
Warning(StaSacs): empty/non-accessable sacD (Load: Invalid or non-accessable file (reading from /lustre/janus_scratch/howa1663/Seis_Data/SAC_JdF/Hydrophone/2016.MAR/2016.MAR.3/ft_2016.MAR.3.KENT.BDH.SAC).)
fmax_comp = inf
Warning(StaSacs): empty/non-accessable sacD (Load: Invalid or non-accessable file (reading from /lustre/janus_scratch/howa1663/Seis_Data/SAC_JdF/Hydrophone/2016.MAR/2016.MAR.3/ft_2016.MAR.3.L02E.BDH.SAC).)
fmax_comp = inf
Warning(StaSacs): empty/non-accessable sacD (Load: Invalid or non-accessable file (reading from /lustre/janus_scratch/howa1663/Seis_Data/SAC_JdF/Hydrophone/2016.MAR/2016.MAR.3/ft_2016.MAR.3.L04D.BDH.SAC).)
Warning(StaSacs): empty/non-accessable sacD (Load: Invalid or non-accessable file (reading from /lustre/janus_scratch/howa1663/Seis_Data/SAC_JdF/Hydrophone/2016.MAR/2016.MAR.3/ft_2016.MAR.3.LCCR.BDH.SAC).)
fmax_comp = inf
fmax_comp = inf
Warning(StaSacs): empty/non-accessable sacD (Load: Invalid or non-accessable file (reading from /lustre/janus_scratch/howa1663/Seis_Data/SAC_JdF/Hydrophone/2016.MAR/2016.MAR.3/ft_2016.MAR.3.LEBA.BDH.SAC).)
fmax_comp = 0.100313
Warning(StaSacs): empty/non-accessable sacD (Load: Invalid or non-accessable file (reading from /lustre/janus_scratch/howa1663/Seis_Data/SAC_JdF/Hydrophone/2016.MAR/2016.MAR.3/ft_2016.MAR.3.LTY.BDH.SAC).)
Warning(StaSacs): empty/non-accessable sacD (Load: Invalid or non-accessable file (reading from /lustre/janus_scratch/howa1663/Seis_Data/SAC_JdF/Hydrophone/2016.MAR/2016.MAR.3/ft_2016.MAR.3.M02C.BDH.SAC).)
fmax_comp = 0.0371393
Warning(StaSacs): empty/non-accessable sacD (Load: Invalid or non-accessable file (reading from /lustre/janus_scratch/howa1663/Seis_Data/SAC_JdF/Hydrophone/2016.MAR/2016.MAR.3/ft_2016.MAR.3.M04C.BDH.SAC).)
fmax_comp = inf
Warning(StaSacs): empty/non-accessable sacD (Load: Invalid or non-accessable file (reading from /lustre/janus_scratch/howa1663/Seis_Data/SAC_JdF/Hydrophone/2016.MAR/2016.MAR.3/ft_2016.MAR.3.MRBL.BDH.SAC).)
fmax_comp = inf
Warning(StaSacs): empty/non-accessable sacD (Load: Invalid or non-accessable file (reading from /lustre/janus_scratch/howa1663/Seis_Data/SAC_JdF/Hydrophone/2016.MAR/2016.MAR.3/ft_2016.MAR.3.N02D.BDH.SAC).)
fmax_comp = inf
Warning(StaSacs): empty/non-accessable sacD (Load: Invalid or non-accessable file (reading from /lustre/janus_scratch/howa1663/Seis_Data/SAC_JdF/Hydrophone/2016.MAR/2016.MAR.3/ft_2016.MAR.3.NLWA.BDH.SAC).)
fmax_comp = inf
Warning(StaSacs): empty/non-accessable sacD (Load: Invalid or non-accessable file (reading from /lustre/janus_scratch/howa1663/Seis_Data/SAC_JdF/Hydrophone/2016.MAR/2016.MAR.3/ft_2016.MAR.3.O02D.BDH.SAC).)
fmax_comp = inf
Warning(StaSacs): empty/non-accessable sacD (Load: Invalid or non-accessable file (reading from /lustre/janus_scratch/howa1663/Seis_Data/SAC_JdF/Hydrophone/2016.MAR/2016.MAR.3/ft_2016.MAR.3.O03E.BDH.SAC).)
fmax_comp = inf
fmax_comp = inf
Warning(StaSacs): empty/non-accessable sacD (Load: Invalid or non-accessable file (reading from /lustre/janus_scratch/howa1663/Seis_Data/SAC_JdF/Hydrophone/2016.MAR/2016.MAR.3/ft_2016.MAR.3.OMAK.BDH.SAC).)
Warning(StaSacs): empty/non-accessable sacD (Load: Invalid or non-accessable file (reading from /lustre/janus_scratch/howa1663/Seis_Data/SAC_JdF/Hydrophone/2016.MAR/2016.MAR.3/ft_2016.MAR.3.PASS.BDH.SAC).)
fmax_comp = inf
Warning(StaSacs): empty/non-accessable sacD (Load: Invalid or non-accessable file (reading from /lustre/janus_scratch/howa1663/Seis_Data/SAC_JdF/Hydrophone/2016.MAR/2016.MAR.3/ft_2016.MAR.3.PHIN.BDH.SAC).)
fmax_comp = inf
fmax_comp = inf
fmax_comp = inf
Warning(StaSacs): empty/non-accessable sacD (Load: Invalid or non-accessable file (reading from /lustre/janus_scratch/howa1663/Seis_Data/SAC_JdF/Hydrophone/2016.MAR/2016.MAR.3/ft_2016.MAR.3.SP2.BDH.SAC).)
Warning(StaSacs): empty/non-accessable sacD (Load: Invalid or non-accessable file (reading from /lustre/janus_scratch/howa1663/Seis_Data/SAC_JdF/Hydrophone/2016.MAR/2016.MAR.3/ft_2016.MAR.3.STOR.BDH.SAC).)
Warning(StaSacs): empty/non-accessable sacD (Load: Invalid or non-accessable file (reading from /lustre/janus_scratch/howa1663/Seis_Data/SAC_JdF/Hydrophone/2016.MAR/2016.MAR.3/ft_2016.MAR.3.TOLT.BDH.SAC).)
fmax_comp = inf
Warning(StaSacs): empty/non-accessable sacD (Load: Invalid or non-accessable file (reading from /lustre/janus_scratch/howa1663/Seis_Data/SAC_JdF/Hydrophone/2016.MAR/2016.MAR.3/ft_2016.MAR.3.TREE.BDH.SAC).)
fmax_comp = inf
fmax_comp = inf
Warning(StaSacs): empty/non-accessable sacD (Load: Invalid or non-accessable file (reading from /lustre/janus_scratch/howa1663/Seis_Data/SAC_JdF/Hydrophone/2016.MAR/2016.MAR.3/ft_2016.MAR.3.TUCA.BDH.SAC).)
Warning(StaSacs): empty/non-accessable sacD (Load: Invalid or non-accessable file (reading from /lustre/janus_scratch/howa1663/Seis_Data/SAC_JdF/Hydrophone/2016.MAR/2016.MAR.3/ft_2016.MAR.3.UMAT.BDH.SAC).)
fmax_comp = inf
Warning(StaSacs): empty/non-accessable sacD (Load: Invalid or non-accessable file (reading from /lustre/janus_scratch/howa1663/Seis_Data/SAC_JdF/Hydrophone/2016.MAR/2016.MAR.3/ft_2016.MAR.3.WDC.BDH.SAC).)
fmax_comp = inf
Warning(StaSacs): empty/non-accessable sacD (Load: Invalid or non-accessable file (reading from /lustre/janus_scratch/howa1663/Seis_Data/SAC_JdF/Hydrophone/2016.MAR/2016.MAR.3/ft_2016.MAR.3.WISH.BDH.SAC).)
fmax_comp = inf
Warning(StaSacs): empty/non-accessable sacD (Load: Invalid or non-accessable file (reading from /lustre/janus_scratch/howa1663/Seis_Data/SAC_JdF/Hydrophone/2016.MAR/2016.MAR.3/ft_2016.MAR.3.WOLL.BDH.SAC).)
fmax_comp = inf
fmax_comp = inf
Warning(StaSacs): empty/non-accessable sacD (Load: Invalid or non-accessable file (reading from /lustre/janus_scratch/howa1663/Seis_Data/SAC_JdF/Hydrophone/2016.MAR/2016.MAR.3/ft_2016.MAR.3.WVOR.BDH.SAC).)
fmax_comp = inf
Warning(StaSacs): empty/non-accessable sacD (Load: Invalid or non-accessable file (reading from /lustre/janus_scratch/howa1663/Seis_Data/SAC_JdF/Hydrophone/2016.MAR/2016.MAR.3/ft_2016.MAR.3.YACT.BDH.SAC).)
Warning(StaSacs): empty/non-accessable sacD (Load: Invalid or non-accessable file (reading from /lustre/janus_scratch/howa1663/Seis_Data/SAC_JdF/Hydrophone/2016.MAR/2016.MAR.4/ft_2016.MAR.4.A04D.BDH.SAC).)
fmax_comp = inf
Warning(StaSacs): empty/non-accessable sacD (Load: Invalid or non-accessable file (reading from /lustre/janus_scratch/howa1663/Seis_Data/SAC_JdF/Hydrophone/2016.MAR/2016.MAR.4/ft_2016.MAR.4.B05D.BDH.SAC).)
fmax_comp = inf
fmax_comp = inf
fmax_comp = inf
Warning(StaSacs): empty/non-accessable sacD (Load: Invalid or non-accessable file (reading from /lustre/janus_scratch/howa1663/Seis_Data/SAC_JdF/Hydrophone/2016.MAR/2016.MAR.4/ft_2016.MAR.4.BLOW.BDH.SAC).)
Warning(StaSacs): empty/non-accessable sacD (Load: Invalid or non-accessable file (reading from /lustre/janus_scratch/howa1663/Seis_Data/SAC_JdF/Hydrophone/2016.MAR/2016.MAR.4/ft_2016.MAR.4.C06D.BDH.SAC).)
Warning(StaSacs): empty/non-accessable sacD (Load: Invalid or non-accessable file (reading from /lustre/janus_scratch/howa1663/Seis_Data/SAC_JdF/Hydrophone/2016.MAR/2016.MAR.4/ft_2016.MAR.4.CCRK.BDH.SAC).)
fmax_comp = inf
fmax_comp = inf
Warning(StaSacs): empty/non-accessable sacD (Load: Invalid or non-accessable file (reading from /lustre/janus_scratch/howa1663/Seis_Data/SAC_JdF/Hydrophone/2016.MAR/2016.MAR.4/ft_2016.MAR.4.COR.BDH.SAC).)
Warning(StaSacs): empty/non-accessable sacD (Load: Invalid or non-accessable file (reading from /lustre/janus_scratch/howa1663/Seis_Data/SAC_JdF/Hydrophone/2016.MAR/2016.MAR.4/ft_2016.MAR.4.D03D.BDH.SAC).)
fmax_comp = inf
Warning(StaSacs): empty/non-accessable sacD (Load: Invalid or non-accessable file (reading from /lustre/janus_scratch/howa1663/Seis_Data/SAC_JdF/Hydrophone/2016.MAR/2016.MAR.4/ft_2016.MAR.4.D04E.BDH.SAC).)
fmax_comp = inf
Warning(StaSacs): empty/non-accessable sacD (Load: Invalid or non-accessable file (reading from /lustre/janus_scratch/howa1663/Seis_Data/SAC_JdF/Hydrophone/2016.MAR/2016.MAR.4/ft_2016.MAR.4.DAVN.BDH.SAC).)
fmax_comp = inf
Warning(StaSacs): empty/non-accessable sacD (Load: Invalid or non-accessable file (reading from /lustre/janus_scratch/howa1663/Seis_Data/SAC_JdF/Hydrophone/2016.MAR/2016.MAR.4/ft_2016.MAR.4.DBO.BDH.SAC).)
fmax_comp = inf
Warning(StaSacs): empty/non-accessable sacD (Load: Invalid or non-accessable file (reading from /lustre/janus_scratch/howa1663/Seis_Data/SAC_JdF/Hydrophone/2016.MAR/2016.MAR.4/ft_2016.MAR.4.DDRF.BDH.SAC).)
fmax_comp = inf
Warning(StaSacs): empty/non-accessable sacD (Load: Invalid or non-accessable file (reading from /lustre/janus_scratch/howa1663/Seis_Data/SAC_JdF/Hydrophone/2016.MAR/2016.MAR.4/ft_2016.MAR.4.E04D.BDH.SAC).)
fmax_comp = inf
Warning(StaSacs): empty/non-accessable sacD (Load: Invalid or non-accessable file (reading from /lustre/janus_scratch/howa1663/Seis_Data/SAC_JdF/Hydrophone/2016.MAR/2016.MAR.4/ft_2016.MAR.4.F04D.BDH.SAC).)
fmax_comp = inf
Warning(StaSacs): empty/non-accessable sacD (Load: Invalid or non-accessable file (reading from /lustre/janus_scratch/howa1663/Seis_Data/SAC_JdF/Hydrophone/2016.MAR/2016.MAR.4/ft_2016.MAR.4.F05D.BDH.SAC).)
fmax_comp = 0.0227889
fmax_comp = 0.0217818
Warning(StaSacs): empty/non-accessable sacD (Load: Invalid or non-accessable file (reading from /lustre/janus_scratch/howa1663/Seis_Data/SAC_JdF/Hydrophone/2016.MAR/2016.MAR.4/ft_2016.MAR.4.G03D.BDH.SAC).)
Warning(StaSacs): empty/non-accessable sacD (Load: Invalid or non-accessable file (reading from /lustre/janus_scratch/howa1663/Seis_Data/SAC_JdF/Hydrophone/2016.MAR/2016.MAR.4/ft_2016.MAR.4.G05D.BDH.SAC).)
fmax_comp = inf
Warning(StaSacs): empty/non-accessable sacD (Load: Invalid or non-accessable file (reading from /lustre/janus_scratch/howa1663/Seis_Data/SAC_JdF/Hydrophone/2016.MAR/2016.MAR.4/ft_2016.MAR.4.GNW.BDH.SAC).)
fmax_comp = inf
Warning(StaSacs): empty/non-accessable sacD (Load: Invalid or non-accessable file (reading from /lustre/janus_scratch/howa1663/Seis_Data/SAC_JdF/Hydrophone/2016.MAR/2016.MAR.4/ft_2016.MAR.4.H04D.BDH.SAC).)
fmax_comp = inf
Warning(StaSacs): empty/non-accessable sacD (Load: Invalid or non-accessable file (reading from /lustre/janus_scratch/howa1663/Seis_Data/SAC_JdF/Hydrophone/2016.MAR/2016.MAR.4/ft_2016.MAR.4.HAWA.BDH.SAC).)
fmax_comp = inf
Warning(StaSacs): empty/non-accessable sacD (Load: Invalid or non-accessable file (reading from /lustre/janus_scratch/howa1663/Seis_Data/SAC_JdF/Hydrophone/2016.MAR/2016.MAR.4/ft_2016.MAR.4.HEBO.BDH.SAC).)
fmax_comp = inf
Warning(StaSacs): empty/non-accessable sacD (Load: Invalid or non-accessable file (reading from /lustre/janus_scratch/howa1663/Seis_Data/SAC_JdF/Hydrophone/2016.MAR/2016.MAR.4/ft_2016.MAR.4.HOOD.BDH.SAC).)
fmax_comp = inf
Warning(StaSacs): empty/non-accessable sacD (Load: Invalid or non-accessable file (reading from /lustre/janus_scratch/howa1663/Seis_Data/SAC_JdF/Hydrophone/2016.MAR/2016.MAR.4/ft_2016.MAR.4.HUMO.BDH.SAC).)
fmax_comp = inf
fmax_comp = inf
Warning(StaSacs): empty/non-accessable sacD (Load: Invalid or non-accessable file (reading from /lustre/janus_scratch/howa1663/Seis_Data/SAC_JdF/Hydrophone/2016.MAR/2016.MAR.4/ft_2016.MAR.4.I02E.BDH.SAC).)
Warning(StaSacs): empty/non-accessable sacD (Load: Invalid or non-accessable file (reading from /lustre/janus_scratch/howa1663/Seis_Data/SAC_JdF/Hydrophone/2016.MAR/2016.MAR.4/ft_2016.MAR.4.I03D.BDH.SAC).)
fmax_comp = inf
Warning(StaSacs): empty/non-accessable sacD (Load: Invalid or non-accessable file (reading from /lustre/janus_scratch/howa1663/Seis_Data/SAC_JdF/Hydrophone/2016.MAR/2016.MAR.4/ft_2016.MAR.4.I04A.BDH.SAC).)
fmax_comp = inf
Warning(StaSacs): empty/non-accessable sacD (Load: Invalid or non-accessable file (reading from /lustre/janus_scratch/howa1663/Seis_Data/SAC_JdF/Hydrophone/2016.MAR/2016.MAR.4/ft_2016.MAR.4.I05D.BDH.SAC).)
fmax_comp = inf
fmax_comp = inf
fmax_comp = inf
Warning(StaSacs): empty/non-accessable sacD (Load: Invalid or non-accessable file (reading from /lustre/janus_scratch/howa1663/Seis_Data/SAC_JdF/Hydrophone/2016.MAR/2016.MAR.4/ft_2016.MAR.4.IRON.BDH.SAC).)
Warning(StaSacs): empty/non-accessable sacD (Load: Invalid or non-accessable file (reading from /lustre/janus_scratch/howa1663/Seis_Data/SAC_JdF/Hydrophone/2016.MAR/2016.MAR.4/ft_2016.MAR.4.J01E.BDH.SAC).)
Warning(StaSacs): empty/non-accessable sacD (Load: Invalid or non-accessable file (reading from /lustre/janus_scratch/howa1663/Seis_Data/SAC_JdF/Hydrophone/2016.MAR/2016.MAR.4/ft_2016.MAR.4.IZEE.BDH.SAC).)
fmax_comp = inf
fmax_comp = inf
Warning(StaSacs): empty/non-accessable sacD (Load: Invalid or non-accessable file (reading from /lustre/janus_scratch/howa1663/Seis_Data/SAC_JdF/Hydrophone/2016.MAR/2016.MAR.4/ft_2016.MAR.4.J04D.BDH.SAC).)
Warning(StaSacs): empty/non-accessable sacD (Load: Invalid or non-accessable file (reading from /lustre/janus_scratch/howa1663/Seis_Data/SAC_JdF/Hydrophone/2016.MAR/2016.MAR.4/ft_2016.MAR.4.J05D.BDH.SAC).)
fmax_comp = inf
Warning(StaSacs): empty/non-accessable sacD (Load: Invalid or non-accessable file (reading from /lustre/janus_scratch/howa1663/Seis_Data/SAC_JdF/Hydrophone/2016.MAR/2016.MAR.4/ft_2016.MAR.4.K02D.BDH.SAC).)
fmax_comp = inf
Warning(StaSacs): empty/non-accessable sacD (Load: Invalid or non-accessable file (reading from /lustre/janus_scratch/howa1663/Seis_Data/SAC_JdF/Hydrophone/2016.MAR/2016.MAR.4/ft_2016.MAR.4.K04D.BDH.SAC).)
fmax_comp = inf
Warning(StaSacs): empty/non-accessable sacD (Load: Invalid or non-accessable file (reading from /lustre/janus_scratch/howa1663/Seis_Data/SAC_JdF/Hydrophone/2016.MAR/2016.MAR.4/ft_2016.MAR.4.KENT.BDH.SAC).)
fmax_comp = inf
Warning(StaSacs): empty/non-accessable sacD (Load: Invalid or non-accessable file (reading from /lustre/janus_scratch/howa1663/Seis_Data/SAC_JdF/Hydrophone/2016.MAR/2016.MAR.4/ft_2016.MAR.4.L02E.BDH.SAC).)
fmax_comp = inf
Warning(StaSacs): empty/non-accessable sacD (Load: Invalid or non-accessable file (reading from /lustre/janus_scratch/howa1663/Seis_Data/SAC_JdF/Hydrophone/2016.MAR/2016.MAR.4/ft_2016.MAR.4.L04D.BDH.SAC).)
fmax_comp = inf
Warning(StaSacs): empty/non-accessable sacD (Load: Invalid or non-accessable file (reading from /lustre/janus_scratch/howa1663/Seis_Data/SAC_JdF/Hydrophone/2016.MAR/2016.MAR.4/ft_2016.MAR.4.LCCR.BDH.SAC).)
fmax_comp = inf
Warning(StaSacs): empty/non-accessable sacD (Load: Invalid or non-accessable file (reading from /lustre/janus_scratch/howa1663/Seis_Data/SAC_JdF/Hydrophone/2016.MAR/2016.MAR.4/ft_2016.MAR.4.LEBA.BDH.SAC).)
fmax_comp = inf
Warning(StaSacs): empty/non-accessable sacD (Load: Invalid or non-accessable file (reading from /lustre/janus_scratch/howa1663/Seis_Data/SAC_JdF/Hydrophone/2016.MAR/2016.MAR.4/ft_2016.MAR.4.LTY.BDH.SAC).)
fmax_comp = 0.100313
fmax_comp = 0.0371393
Warning(StaSacs): empty/non-accessable sacD (Load: Invalid or non-accessable file (reading from /lustre/janus_scratch/howa1663/Seis_Data/SAC_JdF/Hydrophone/2016.MAR/2016.MAR.4/ft_2016.MAR.4.M02C.BDH.SAC).)
Warning(StaSacs): empty/non-accessable sacD (Load: Invalid or non-accessable file (reading from /lustre/janus_scratch/howa1663/Seis_Data/SAC_JdF/Hydrophone/2016.MAR/2016.MAR.4/ft_2016.MAR.4.M04C.BDH.SAC).)
fmax_comp = inf
Warning(StaSacs): empty/non-accessable sacD (Load: Invalid or non-accessable file (reading from /lustre/janus_scratch/howa1663/Seis_Data/SAC_JdF/Hydrophone/2016.MAR/2016.MAR.4/ft_2016.MAR.4.MRBL.BDH.SAC).)
fmax_comp = inf
Warning(StaSacs): empty/non-accessable sacD (Load: Invalid or non-accessable file (reading from /lustre/janus_scratch/howa1663/Seis_Data/SAC_JdF/Hydrophone/2016.MAR/2016.MAR.4/ft_2016.MAR.4.N02D.BDH.SAC).)
fmax_comp = inf
Warning(StaSacs): empty/non-accessable sacD (Load: Invalid or non-accessable file (reading from /lustre/janus_scratch/howa1663/Seis_Data/SAC_JdF/Hydrophone/2016.MAR/2016.MAR.4/ft_2016.MAR.4.NLWA.BDH.SAC).)
fmax_comp = inf
Warning(StaSacs): empty/non-accessable sacD (Load: Invalid or non-accessable file (reading from /lustre/janus_scratch/howa1663/Seis_Data/SAC_JdF/Hydrophone/2016.MAR/2016.MAR.4/ft_2016.MAR.4.O02D.BDH.SAC).)
fmax_comp = inf
Warning(StaSacs): empty/non-accessable sacD (Load: Invalid or non-accessable file (reading from /lustre/janus_scratch/howa1663/Seis_Data/SAC_JdF/Hydrophone/2016.MAR/2016.MAR.4/ft_2016.MAR.4.O03E.BDH.SAC).)
fmax_comp = inf
fmax_comp = inf
Warning(StaSacs): empty/non-accessable sacD (Load: Invalid or non-accessable file (reading from /lustre/janus_scratch/howa1663/Seis_Data/SAC_JdF/Hydrophone/2016.MAR/2016.MAR.4/ft_2016.MAR.4.OMAK.BDH.SAC).)
Warning(StaSacs): empty/non-accessable sacD (Load: Invalid or non-accessable file (reading from /lustre/janus_scratch/howa1663/Seis_Data/SAC_JdF/Hydrophone/2016.MAR/2016.MAR.4/ft_2016.MAR.4.PASS.BDH.SAC).)
fmax_comp = inf
Warning(StaSacs): empty/non-accessable sacD (Load: Invalid or non-accessable file (reading from /lustre/janus_scratch/howa1663/Seis_Data/SAC_JdF/Hydrophone/2016.MAR/2016.MAR.4/ft_2016.MAR.4.PHIN.BDH.SAC).)
fmax_comp = inf
Warning(StaSacs): empty/non-accessable sacD (Load: Invalid or non-accessable file (reading from /lustre/janus_scratch/howa1663/Seis_Data/SAC_JdF/Hydrophone/2016.MAR/2016.MAR.4/ft_2016.MAR.4.SP2.BDH.SAC).)
fmax_comp = inf
Warning(StaSacs): empty/non-accessable sacD (Load: Invalid or non-accessable file (reading from /lustre/janus_scratch/howa1663/Seis_Data/SAC_JdF/Hydrophone/2016.MAR/2016.MAR.4/ft_2016.MAR.4.STOR.BDH.SAC).)
fmax_comp = inf
Warning(StaSacs): empty/non-accessable sacD (Load: Invalid or non-accessable file (reading from /lustre/janus_scratch/howa1663/Seis_Data/SAC_JdF/Hydrophone/2016.MAR/2016.MAR.4/ft_2016.MAR.4.TOLT.BDH.SAC).)
fmax_comp = inf
Warning(StaSacs): empty/non-accessable sacD (Load: Invalid or non-accessable file (reading from /lustre/janus_scratch/howa1663/Seis_Data/SAC_JdF/Hydrophone/2016.MAR/2016.MAR.4/ft_2016.MAR.4.TREE.BDH.SAC).)
fmax_comp = inf
fmax_comp = inf
Warning(StaSacs): empty/non-accessable sacD (Load: Invalid or non-accessable file (reading from /lustre/janus_scratch/howa1663/Seis_Data/SAC_JdF/Hydrophone/2016.MAR/2016.MAR.4/ft_2016.MAR.4.UMAT.BDH.SAC).)
Warning(StaSacs): empty/non-accessable sacD (Load: Invalid or non-accessable file (reading from /lustre/janus_scratch/howa1663/Seis_Data/SAC_JdF/Hydrophone/2016.MAR/2016.MAR.4/ft_2016.MAR.4.TUCA.BDH.SAC).)
fmax_comp = inf
Warning(StaSacs): empty/non-accessable sacD (Load: Invalid or non-accessable file (reading from /lustre/janus_scratch/howa1663/Seis_Data/SAC_JdF/Hydrophone/2016.MAR/2016.MAR.4/ft_2016.MAR.4.WDC.BDH.SAC).)
fmax_comp = inf
Warning(StaSacs): empty/non-accessable sacD (Load: Invalid or non-accessable file (reading from /lustre/janus_scratch/howa1663/Seis_Data/SAC_JdF/Hydrophone/2016.MAR/2016.MAR.4/ft_2016.MAR.4.WISH.BDH.SAC).)
fmax_comp = inf
Warning(StaSacs): empty/non-accessable sacD (Load: Invalid or non-accessable file (reading from /lustre/janus_scratch/howa1663/Seis_Data/SAC_JdF/Hydrophone/2016.MAR/2016.MAR.4/ft_2016.MAR.4.WOLL.BDH.SAC).)
fmax_comp = inf
Warning(StaSacs): empty/non-accessable sacD (Load: Invalid or non-accessable file (reading from /lustre/janus_scratch/howa1663/Seis_Data/SAC_JdF/Hydrophone/2016.MAR/2016.MAR.4/ft_2016.MAR.4.WVOR.BDH.SAC).)
fmax_comp = inf
Warning(StaSacs): empty/non-accessable sacD (Load: Invalid or non-accessable file (reading from /lustre/janus_scratch/howa1663/Seis_Data/SAC_JdF/Hydrophone/2016.MAR/2016.MAR.4/ft_2016.MAR.4.YACT.BDH.SAC).)
fmax_comp = inf
Warning(StaSacs): empty/non-accessable sacD (Load: Invalid or non-accessable file (reading from /lustre/janus_scratch/howa1663/Seis_Data/SAC_JdF/Hydrophone/2016.MAR/2016.MAR.5/ft_2016.MAR.5.A04D.BDH.SAC).)
fmax_comp = inf
Warning(StaSacs): empty/non-accessable sacD (Load: Invalid or non-accessable file (reading from /lustre/janus_scratch/howa1663/Seis_Data/SAC_JdF/Hydrophone/2016.MAR/2016.MAR.5/ft_2016.MAR.5.B05D.BDH.SAC).)
fmax_comp = inf
Warning(StaSacs): empty/non-accessable sacD (Load: Invalid or non-accessable file (reading from /lustre/janus_scratch/howa1663/Seis_Data/SAC_JdF/Hydrophone/2016.MAR/2016.MAR.5/ft_2016.MAR.5.BLOW.BDH.SAC).)
fmax_comp = inf
Warning(StaSacs): empty/non-accessable sacD (Load: Invalid or non-accessable file (reading from /lustre/janus_scratch/howa1663/Seis_Data/SAC_JdF/Hydrophone/2016.MAR/2016.MAR.5/ft_2016.MAR.5.C06D.BDH.SAC).)
fmax_comp = inf
Warning(StaSacs): empty/non-accessable sacD (Load: Invalid or non-accessable file (reading from /lustre/janus_scratch/howa1663/Seis_Data/SAC_JdF/Hydrophone/2016.MAR/2016.MAR.5/ft_2016.MAR.5.CCRK.BDH.SAC).)
fmax_comp = inf
Warning(StaSacs): empty/non-accessable sacD (Load: Invalid or non-accessable file (reading from /lustre/janus_scratch/howa1663/Seis_Data/SAC_JdF/Hydrophone/2016.MAR/2016.MAR.5/ft_2016.MAR.5.COR.BDH.SAC).)
fmax_comp = inf
fmax_comp = inf
Warning(StaSacs): empty/non-accessable sacD (Load: Invalid or non-accessable file (reading from /lustre/janus_scratch/howa1663/Seis_Data/SAC_JdF/Hydrophone/2016.MAR/2016.MAR.5/ft_2016.MAR.5.D03D.BDH.SAC).)
Warning(StaSacs): empty/non-accessable sacD (Load: Invalid or non-accessable file (reading from /lustre/janus_scratch/howa1663/Seis_Data/SAC_JdF/Hydrophone/2016.MAR/2016.MAR.5/ft_2016.MAR.5.D04E.BDH.SAC).)
fmax_comp = inf
Warning(StaSacs): empty/non-accessable sacD (Load: Invalid or non-accessable file (reading from /lustre/janus_scratch/howa1663/Seis_Data/SAC_JdF/Hydrophone/2016.MAR/2016.MAR.5/ft_2016.MAR.5.DAVN.BDH.SAC).)
fmax_comp = inf
Warning(StaSacs): empty/non-accessable sacD (Load: Invalid or non-accessable file (reading from /lustre/janus_scratch/howa1663/Seis_Data/SAC_JdF/Hydrophone/2016.MAR/2016.MAR.5/ft_2016.MAR.5.DBO.BDH.SAC).)
fmax_comp = inf
Warning(StaSacs): empty/non-accessable sacD (Load: Invalid or non-accessable file (reading from /lustre/janus_scratch/howa1663/Seis_Data/SAC_JdF/Hydrophone/2016.MAR/2016.MAR.5/ft_2016.MAR.5.DDRF.BDH.SAC).)
fmax_comp = inf
Warning(StaSacs): empty/non-accessable sacD (Load: Invalid or non-accessable file (reading from /lustre/janus_scratch/howa1663/Seis_Data/SAC_JdF/Hydrophone/2016.MAR/2016.MAR.5/ft_2016.MAR.5.E04D.BDH.SAC).)
fmax_comp = inf
Warning(StaSacs): empty/non-accessable sacD (Load: Invalid or non-accessable file (reading from /lustre/janus_scratch/howa1663/Seis_Data/SAC_JdF/Hydrophone/2016.MAR/2016.MAR.5/ft_2016.MAR.5.F04D.BDH.SAC).)
fmax_comp = inf
Warning(StaSacs): empty/non-accessable sacD (Load: Invalid or non-accessable file (reading from /lustre/janus_scratch/howa1663/Seis_Data/SAC_JdF/Hydrophone/2016.MAR/2016.MAR.5/ft_2016.MAR.5.F05D.BDH.SAC).)
fmax_comp = 0.0227889
Warning(StaSacs): empty/non-accessable sacD (Load: Invalid or non-accessable file (reading from /lustre/janus_scratch/howa1663/Seis_Data/SAC_JdF/Hydrophone/2016.MAR/2016.MAR.5/ft_2016.MAR.5.G03D.BDH.SAC).)
fmax_comp = 0.0217818
Warning(StaSacs): empty/non-accessable sacD (Load: Invalid or non-accessable file (reading from /lustre/janus_scratch/howa1663/Seis_Data/SAC_JdF/Hydrophone/2016.MAR/2016.MAR.5/ft_2016.MAR.5.G05D.BDH.SAC).)
fmax_comp = inf
Warning(StaSacs): empty/non-accessable sacD (Load: Invalid or non-accessable file (reading from /lustre/janus_scratch/howa1663/Seis_Data/SAC_JdF/Hydrophone/2016.MAR/2016.MAR.5/ft_2016.MAR.5.GNW.BDH.SAC).)
fmax_comp = inf
Warning(StaSacs): empty/non-accessable sacD (Load: Invalid or non-accessable file (reading from /lustre/janus_scratch/howa1663/Seis_Data/SAC_JdF/Hydrophone/2016.MAR/2016.MAR.5/ft_2016.MAR.5.H04D.BDH.SAC).)
fmax_comp = inf
fmax_comp = inf
Warning(StaSacs): empty/non-accessable sacD (Load: Invalid or non-accessable file (reading from /lustre/janus_scratch/howa1663/Seis_Data/SAC_JdF/Hydrophone/2016.MAR/2016.MAR.5/ft_2016.MAR.5.HAWA.BDH.SAC).)
Warning(StaSacs): empty/non-accessable sacD (Load: Invalid or non-accessable file (reading from /lustre/janus_scratch/howa1663/Seis_Data/SAC_JdF/Hydrophone/2016.MAR/2016.MAR.5/ft_2016.MAR.5.HEBO.BDH.SAC).)
fmax_comp = inf
Warning(StaSacs): empty/non-accessable sacD (Load: Invalid or non-accessable file (reading from /lustre/janus_scratch/howa1663/Seis_Data/SAC_JdF/Hydrophone/2016.MAR/2016.MAR.5/ft_2016.MAR.5.HOOD.BDH.SAC).)
fmax_comp = inf
Warning(StaSacs): empty/non-accessable sacD (Load: Invalid or non-accessable file (reading from /lustre/janus_scratch/howa1663/Seis_Data/SAC_JdF/Hydrophone/2016.MAR/2016.MAR.5/ft_2016.MAR.5.HUMO.BDH.SAC).)
fmax_comp = inf
Warning(StaSacs): empty/non-accessable sacD (Load: Invalid or non-accessable file (reading from /lustre/janus_scratch/howa1663/Seis_Data/SAC_JdF/Hydrophone/2016.MAR/2016.MAR.5/ft_2016.MAR.5.I02E.BDH.SAC).)
fmax_comp = inf
Warning(StaSacs): empty/non-accessable sacD (Load: Invalid or non-accessable file (reading from /lustre/janus_scratch/howa1663/Seis_Data/SAC_JdF/Hydrophone/2016.MAR/2016.MAR.5/ft_2016.MAR.5.I03D.BDH.SAC).)
fmax_comp = inf
Warning(StaSacs): empty/non-accessable sacD (Load: Invalid or non-accessable file (reading from /lustre/janus_scratch/howa1663/Seis_Data/SAC_JdF/Hydrophone/2016.MAR/2016.MAR.5/ft_2016.MAR.5.I04A.BDH.SAC).)
fmax_comp = inf
Warning(StaSacs): empty/non-accessable sacD (Load: Invalid or non-accessable file (reading from /lustre/janus_scratch/howa1663/Seis_Data/SAC_JdF/Hydrophone/2016.MAR/2016.MAR.5/ft_2016.MAR.5.I05D.BDH.SAC).)
fmax_comp = inf
Warning(StaSacs): empty/non-accessable sacD (Load: Invalid or non-accessable file (reading from /lustre/janus_scratch/howa1663/Seis_Data/SAC_JdF/Hydrophone/2016.MAR/2016.MAR.5/ft_2016.MAR.5.IRON.BDH.SAC).)
fmax_comp = inf
Warning(StaSacs): empty/non-accessable sacD (Load: Invalid or non-accessable file (reading from /lustre/janus_scratch/howa1663/Seis_Data/SAC_JdF/Hydrophone/2016.MAR/2016.MAR.5/ft_2016.MAR.5.IZEE.BDH.SAC).)
fmax_comp = inf
Warning(StaSacs): empty/non-accessable sacD (Load: Invalid or non-accessable file (reading from /lustre/janus_scratch/howa1663/Seis_Data/SAC_JdF/Hydrophone/2016.MAR/2016.MAR.5/ft_2016.MAR.5.J01E.BDH.SAC).)
fmax_comp = inf
Warning(StaSacs): empty/non-accessable sacD (Load: Invalid or non-accessable file (reading from /lustre/janus_scratch/howa1663/Seis_Data/SAC_JdF/Hydrophone/2016.MAR/2016.MAR.5/ft_2016.MAR.5.J04D.BDH.SAC).)
fmax_comp = inf
Warning(StaSacs): empty/non-accessable sacD (Load: Invalid or non-accessable file (reading from /lustre/janus_scratch/howa1663/Seis_Data/SAC_JdF/Hydrophone/2016.MAR/2016.MAR.5/ft_2016.MAR.5.J05D.BDH.SAC).)
fmax_comp = inf
Warning(StaSacs): empty/non-accessable sacD (Load: Invalid or non-accessable file (reading from /lustre/janus_scratch/howa1663/Seis_Data/SAC_JdF/Hydrophone/2016.MAR/2016.MAR.5/ft_2016.MAR.5.K02D.BDH.SAC).)
fmax_comp = inf
Warning(StaSacs): empty/non-accessable sacD (Load: Invalid or non-accessable file (reading from /lustre/janus_scratch/howa1663/Seis_Data/SAC_JdF/Hydrophone/2016.MAR/2016.MAR.5/ft_2016.MAR.5.K04D.BDH.SAC).)
fmax_comp = inf
Warning(StaSacs): empty/non-accessable sacD (Load: Invalid or non-accessable file (reading from /lustre/janus_scratch/howa1663/Seis_Data/SAC_JdF/Hydrophone/2016.MAR/2016.MAR.5/ft_2016.MAR.5.KENT.BDH.SAC).)
fmax_comp = inf
Warning(StaSacs): empty/non-accessable sacD (Load: Invalid or non-accessable file (reading from /lustre/janus_scratch/howa1663/Seis_Data/SAC_JdF/Hydrophone/2016.MAR/2016.MAR.5/ft_2016.MAR.5.L02E.BDH.SAC).)
fmax_comp = inf
*** Warning(EqkCut): Time length <20% after removing earthquakes (/lustre/janus_scratch/howa1663/CC_JdF/2016.MAR/2016.MAR.5/ft_2016.MAR.5.J04D.BHZ.SAC_orig) ***Warning(StaSacs): empty/non-accessable sacD (Load: Invalid or non-accessable file (reading from /lustre/janus_scratch/howa1663/Seis_Data/SAC_JdF/Hydrophone/2016.MAR/2016.MAR.5/ft_2016.MAR.5.L04D.BDH.SAC).)
fmax_comp = inf
fmax_comp = inf
Warning(StaSacs): empty/non-accessable sacD (Load: Invalid or non-accessable file (reading from /lustre/janus_scratch/howa1663/Seis_Data/SAC_JdF/Hydrophone/2016.MAR/2016.MAR.5/ft_2016.MAR.5.LCCR.BDH.SAC).)
Warning(StaSacs): empty/non-accessable sacD (Load: Invalid or non-accessable file (reading from /lustre/janus_scratch/howa1663/Seis_Data/SAC_JdF/Hydrophone/2016.MAR/2016.MAR.5/ft_2016.MAR.5.LEBA.BDH.SAC).)
fmax_comp = inf
Warning(StaSacs): empty/non-accessable sacD (Load: Invalid or non-accessable file (reading from /lustre/janus_scratch/howa1663/Seis_Data/SAC_JdF/Hydrophone/2016.MAR/2016.MAR.5/ft_2016.MAR.5.LTY.BDH.SAC).)
fmax_comp = 0.100313
Warning(StaSacs): empty/non-accessable sacD (Load: Invalid or non-accessable file (reading from /lustre/janus_scratch/howa1663/Seis_Data/SAC_JdF/Hydrophone/2016.MAR/2016.MAR.5/ft_2016.MAR.5.M02C.BDH.SAC).)
fmax_comp = 0.0371393
Warning(StaSacs): empty/non-accessable sacD (Load: Invalid or non-accessable file (reading from /lustre/janus_scratch/howa1663/Seis_Data/SAC_JdF/Hydrophone/2016.MAR/2016.MAR.5/ft_2016.MAR.5.M04C.BDH.SAC).)
fmax_comp = inf
Warning(StaSacs): empty/non-accessable sacD (Load: Invalid or non-accessable file (reading from /lustre/janus_scratch/howa1663/Seis_Data/SAC_JdF/Hydrophone/2016.MAR/2016.MAR.5/ft_2016.MAR.5.MRBL.BDH.SAC).)
fmax_comp = inf
Warning(StaSacs): empty/non-accessable sacD (Load: Invalid or non-accessable file (reading from /lustre/janus_scratch/howa1663/Seis_Data/SAC_JdF/Hydrophone/2016.MAR/2016.MAR.5/ft_2016.MAR.5.N02D.BDH.SAC).)
fmax_comp = inf
Warning(StaSacs): empty/non-accessable sacD (Load: Invalid or non-accessable file (reading from /lustre/janus_scratch/howa1663/Seis_Data/SAC_JdF/Hydrophone/2016.MAR/2016.MAR.5/ft_2016.MAR.5.NLWA.BDH.SAC).)
fmax_comp = inf
Warning(StaSacs): empty/non-accessable sacD (Load: Invalid or non-accessable file (reading from /lustre/janus_scratch/howa1663/Seis_Data/SAC_JdF/Hydrophone/2016.MAR/2016.MAR.5/ft_2016.MAR.5.O02D.BDH.SAC).)
fmax_comp = inf
Warning(StaSacs): empty/non-accessable sacD (Load: Invalid or non-accessable file (reading from /lustre/janus_scratch/howa1663/Seis_Data/SAC_JdF/Hydrophone/2016.MAR/2016.MAR.5/ft_2016.MAR.5.O03E.BDH.SAC).)
fmax_comp = inf
Warning(StaSacs): empty/non-accessable sacD (Load: Invalid or non-accessable file (reading from /lustre/janus_scratch/howa1663/Seis_Data/SAC_JdF/Hydrophone/2016.MAR/2016.MAR.5/ft_2016.MAR.5.OMAK.BDH.SAC).)
fmax_comp = inf
Warning(StaSacs): empty/non-accessable sacD (Load: Invalid or non-accessable file (reading from /lustre/janus_scratch/howa1663/Seis_Data/SAC_JdF/Hydrophone/2016.MAR/2016.MAR.5/ft_2016.MAR.5.PASS.BDH.SAC).)
fmax_comp = inf
fmax_comp = inf
Warning(StaSacs): empty/non-accessable sacD (Load: Invalid or non-accessable file (reading from /lustre/janus_scratch/howa1663/Seis_Data/SAC_JdF/Hydrophone/2016.MAR/2016.MAR.5/ft_2016.MAR.5.PHIN.BDH.SAC).)
Warning(StaSacs): empty/non-accessable sacD (Load: Invalid or non-accessable file (reading from /lustre/janus_scratch/howa1663/Seis_Data/SAC_JdF/Hydrophone/2016.MAR/2016.MAR.5/ft_2016.MAR.5.SP2.BDH.SAC).)
fmax_comp = inf
Warning(StaSacs): empty/non-accessable sacD (Load: Invalid or non-accessable file (reading from /lustre/janus_scratch/howa1663/Seis_Data/SAC_JdF/Hydrophone/2016.MAR/2016.MAR.5/ft_2016.MAR.5.STOR.BDH.SAC).)
fmax_comp = inf
Warning(StaSacs): empty/non-accessable sacD (Load: Invalid or non-accessable file (reading from /lustre/janus_scratch/howa1663/Seis_Data/SAC_JdF/Hydrophone/2016.MAR/2016.MAR.5/ft_2016.MAR.5.TOLT.BDH.SAC).)
fmax_comp = inf
fmax_comp = inf
Warning(StaSacs): empty/non-accessable sacD (Load: Invalid or non-accessable file (reading from /lustre/janus_scratch/howa1663/Seis_Data/SAC_JdF/Hydrophone/2016.MAR/2016.MAR.5/ft_2016.MAR.5.TREE.BDH.SAC).)
Warning(StaSacs): empty/non-accessable sacD (Load: Invalid or non-accessable file (reading from /lustre/janus_scratch/howa1663/Seis_Data/SAC_JdF/Hydrophone/2016.MAR/2016.MAR.5/ft_2016.MAR.5.TUCA.BDH.SAC).)
fmax_comp = inf
Warning(StaSacs): empty/non-accessable sacD (Load: Invalid or non-accessable file (reading from /lustre/janus_scratch/howa1663/Seis_Data/SAC_JdF/Hydrophone/2016.MAR/2016.MAR.5/ft_2016.MAR.5.UMAT.BDH.SAC).)
fmax_comp = inf
Warning(StaSacs): empty/non-accessable sacD (Load: Invalid or non-accessable file (reading from /lustre/janus_scratch/howa1663/Seis_Data/SAC_JdF/Hydrophone/2016.MAR/2016.MAR.5/ft_2016.MAR.5.WDC.BDH.SAC).)
fmax_comp = inf
Warning(StaSacs): empty/non-accessable sacD (Load: Invalid or non-accessable file (reading from /lustre/janus_scratch/howa1663/Seis_Data/SAC_JdF/Hydrophone/2016.MAR/2016.MAR.5/ft_2016.MAR.5.WISH.BDH.SAC).)
fmax_comp = inf
Warning(StaSacs): empty/non-accessable sacD (Load: Invalid or non-accessable file (reading from /lustre/janus_scratch/howa1663/Seis_Data/SAC_JdF/Hydrophone/2016.MAR/2016.MAR.5/ft_2016.MAR.5.WOLL.BDH.SAC).)
fmax_comp = inf
Warning(StaSacs): empty/non-accessable sacD (Load: Invalid or non-accessable file (reading from /lustre/janus_scratch/howa1663/Seis_Data/SAC_JdF/Hydrophone/2016.MAR/2016.MAR.5/ft_2016.MAR.5.WVOR.BDH.SAC).)
fmax_comp = inf
Warning(StaSacs): empty/non-accessable sacD (Load: Invalid or non-accessable file (reading from /lustre/janus_scratch/howa1663/Seis_Data/SAC_JdF/Hydrophone/2016.MAR/2016.MAR.5/ft_2016.MAR.5.YACT.BDH.SAC).)
fmax_comp = inf
fmax_comp = inf
Warning(StaSacs): empty/non-accessable sacD (Load: Invalid or non-accessable file (reading from /lustre/janus_scratch/howa1663/Seis_Data/SAC_JdF/Hydrophone/2016.MAR/2016.MAR.6/ft_2016.MAR.6.A04D.BDH.SAC).)
Warning(StaSacs): empty/non-accessable sacD (Load: Invalid or non-accessable file (reading from /lustre/janus_scratch/howa1663/Seis_Data/SAC_JdF/Hydrophone/2016.MAR/2016.MAR.6/ft_2016.MAR.6.B05D.BDH.SAC).)
fmax_comp = inf
Warning(StaSacs): empty/non-accessable sacD (Load: Invalid or non-accessable file (reading from /lustre/janus_scratch/howa1663/Seis_Data/SAC_JdF/Hydrophone/2016.MAR/2016.MAR.6/ft_2016.MAR.6.BLOW.BDH.SAC).)
fmax_comp = inf
Warning(StaSacs): empty/non-accessable sacD (Load: Invalid or non-accessable file (reading from /lustre/janus_scratch/howa1663/Seis_Data/SAC_JdF/Hydrophone/2016.MAR/2016.MAR.6/ft_2016.MAR.6.C06D.BDH.SAC).)
fmax_comp = inf
Warning(StaSacs): empty/non-accessable sacD (Load: Invalid or non-accessable file (reading from /lustre/janus_scratch/howa1663/Seis_Data/SAC_JdF/Hydrophone/2016.MAR/2016.MAR.6/ft_2016.MAR.6.CCRK.BDH.SAC).)
fmax_comp = inf
Warning(StaSacs): empty/non-accessable sacD (Load: Invalid or non-accessable file (reading from /lustre/janus_scratch/howa1663/Seis_Data/SAC_JdF/Hydrophone/2016.MAR/2016.MAR.6/ft_2016.MAR.6.COR.BDH.SAC).)
fmax_comp = inf
Warning(StaSacs): empty/non-accessable sacD (Load: Invalid or non-accessable file (reading from /lustre/janus_scratch/howa1663/Seis_Data/SAC_JdF/Hydrophone/2016.MAR/2016.MAR.6/ft_2016.MAR.6.D03D.BDH.SAC).)
fmax_comp = inf
Warning(StaSacs): empty/non-accessable sacD (Load: Invalid or non-accessable file (reading from /lustre/janus_scratch/howa1663/Seis_Data/SAC_JdF/Hydrophone/2016.MAR/2016.MAR.6/ft_2016.MAR.6.D04E.BDH.SAC).)
fmax_comp = inf
Warning(StaSacs): empty/non-accessable sacD (Load: Invalid or non-accessable file (reading from /lustre/janus_scratch/howa1663/Seis_Data/SAC_JdF/Hydrophone/2016.MAR/2016.MAR.6/ft_2016.MAR.6.DAVN.BDH.SAC).)
fmax_comp = inf
Warning(StaSacs): empty/non-accessable sacD (Load: Invalid or non-accessable file (reading from /lustre/janus_scratch/howa1663/Seis_Data/SAC_JdF/Hydrophone/2016.MAR/2016.MAR.6/ft_2016.MAR.6.DBO.BDH.SAC).)
fmax_comp = inf
Warning(StaSacs): empty/non-accessable sacD (Load: Invalid or non-accessable file (reading from /lustre/janus_scratch/howa1663/Seis_Data/SAC_JdF/Hydrophone/2016.MAR/2016.MAR.6/ft_2016.MAR.6.DDRF.BDH.SAC).)
fmax_comp = inf
Warning(StaSacs): empty/non-accessable sacD (Load: Invalid or non-accessable file (reading from /lustre/janus_scratch/howa1663/Seis_Data/SAC_JdF/Hydrophone/2016.MAR/2016.MAR.6/ft_2016.MAR.6.E04D.BDH.SAC).)
fmax_comp = inf
Warning(StaSacs): empty/non-accessable sacD (Load: Invalid or non-accessable file (reading from /lustre/janus_scratch/howa1663/Seis_Data/SAC_JdF/Hydrophone/2016.MAR/2016.MAR.6/ft_2016.MAR.6.F04D.BDH.SAC).)
fmax_comp = inf
Warning(StaSacs): empty/non-accessable sacD (Load: Invalid or non-accessable file (reading from /lustre/janus_scratch/howa1663/Seis_Data/SAC_JdF/Hydrophone/2016.MAR/2016.MAR.6/ft_2016.MAR.6.F05D.BDH.SAC).)
fmax_comp = 0.0227889
Warning(StaSacs): empty/non-accessable sacD (Load: Invalid or non-accessable file (reading from /lustre/janus_scratch/howa1663/Seis_Data/SAC_JdF/Hydrophone/2016.MAR/2016.MAR.6/ft_2016.MAR.6.G03D.BDH.SAC).)
fmax_comp = 0.0217818
Warning(StaSacs): empty/non-accessable sacD (Load: Invalid or non-accessable file (reading from /lustre/janus_scratch/howa1663/Seis_Data/SAC_JdF/Hydrophone/2016.MAR/2016.MAR.6/ft_2016.MAR.6.G05D.BDH.SAC).)
fmax_comp = inf
Warning(StaSacs): empty/non-accessable sacD (Load: Invalid or non-accessable file (reading from /lustre/janus_scratch/howa1663/Seis_Data/SAC_JdF/Hydrophone/2016.MAR/2016.MAR.6/ft_2016.MAR.6.GNW.BDH.SAC).)
fmax_comp = inf
fmax_comp = inf
Warning(StaSacs): empty/non-accessable sacD (Load: Invalid or non-accessable file (reading from /lustre/janus_scratch/howa1663/Seis_Data/SAC_JdF/Hydrophone/2016.MAR/2016.MAR.6/ft_2016.MAR.6.H04D.BDH.SAC).)
Warning(StaSacs): empty/non-accessable sacD (Load: Invalid or non-accessable file (reading from /lustre/janus_scratch/howa1663/Seis_Data/SAC_JdF/Hydrophone/2016.MAR/2016.MAR.6/ft_2016.MAR.6.HAWA.BDH.SAC).)
fmax_comp = inf
Warning(StaSacs): empty/non-accessable sacD (Load: Invalid or non-accessable file (reading from /lustre/janus_scratch/howa1663/Seis_Data/SAC_JdF/Hydrophone/2016.MAR/2016.MAR.6/ft_2016.MAR.6.HEBO.BDH.SAC).)
fmax_comp = inf
Warning(StaSacs): empty/non-accessable sacD (Load: Invalid or non-accessable file (reading from /lustre/janus_scratch/howa1663/Seis_Data/SAC_JdF/Hydrophone/2016.MAR/2016.MAR.6/ft_2016.MAR.6.HOOD.BDH.SAC).)
fmax_comp = inf
Warning(StaSacs): empty/non-accessable sacD (Load: Invalid or non-accessable file (reading from /lustre/janus_scratch/howa1663/Seis_Data/SAC_JdF/Hydrophone/2016.MAR/2016.MAR.6/ft_2016.MAR.6.HUMO.BDH.SAC).)
fmax_comp = inf
Warning(StaSacs): empty/non-accessable sacD (Load: Invalid or non-accessable file (reading from /lustre/janus_scratch/howa1663/Seis_Data/SAC_JdF/Hydrophone/2016.MAR/2016.MAR.6/ft_2016.MAR.6.I02E.BDH.SAC).)
fmax_comp = inf
Warning(StaSacs): empty/non-accessable sacD (Load: Invalid or non-accessable file (reading from /lustre/janus_scratch/howa1663/Seis_Data/SAC_JdF/Hydrophone/2016.MAR/2016.MAR.6/ft_2016.MAR.6.I03D.BDH.SAC).)
*** Warning(EqkCut): Time length <20% after removing earthquakes (/lustre/janus_scratch/howa1663/CC_JdF/2016.MAR/2016.MAR.6/ft_2016.MAR.6.GNW.BHZ.SAC_orig) ***fmax_comp = inf
Warning(StaSacs): empty/non-accessable sacD (Load: Invalid or non-accessable file (reading from /lustre/janus_scratch/howa1663/Seis_Data/SAC_JdF/Hydrophone/2016.MAR/2016.MAR.6/ft_2016.MAR.6.I04A.BDH.SAC).)
fmax_comp = inf
Warning(StaSacs): empty/non-accessable sacD (Load: Invalid or non-accessable file (reading from /lustre/janus_scratch/howa1663/Seis_Data/SAC_JdF/Hydrophone/2016.MAR/2016.MAR.6/ft_2016.MAR.6.I05D.BDH.SAC).)
fmax_comp = inf
Warning(StaSacs): empty/non-accessable sacD (Load: Invalid or non-accessable file (reading from /lustre/janus_scratch/howa1663/Seis_Data/SAC_JdF/Hydrophone/2016.MAR/2016.MAR.6/ft_2016.MAR.6.IRON.BDH.SAC).)
fmax_comp = inf
Warning(StaSacs): empty/non-accessable sacD (Load: Invalid or non-accessable file (reading from /lustre/janus_scratch/howa1663/Seis_Data/SAC_JdF/Hydrophone/2016.MAR/2016.MAR.6/ft_2016.MAR.6.IZEE.BDH.SAC).)
fmax_comp = inf
Warning(StaSacs): empty/non-accessable sacD (Load: Invalid or non-accessable file (reading from /lustre/janus_scratch/howa1663/Seis_Data/SAC_JdF/Hydrophone/2016.MAR/2016.MAR.6/ft_2016.MAR.6.J01E.BDH.SAC).)
fmax_comp = inf
Warning(StaSacs): empty/non-accessable sacD (Load: Invalid or non-accessable file (reading from /lustre/janus_scratch/howa1663/Seis_Data/SAC_JdF/Hydrophone/2016.MAR/2016.MAR.6/ft_2016.MAR.6.J04D.BDH.SAC).)
fmax_comp = inf
fmax_comp = inf
Warning(StaSacs): empty/non-accessable sacD (Load: Invalid or non-accessable file (reading from /lustre/janus_scratch/howa1663/Seis_Data/SAC_JdF/Hydrophone/2016.MAR/2016.MAR.6/ft_2016.MAR.6.J05D.BDH.SAC).)
Warning(StaSacs): empty/non-accessable sacD (Load: Invalid or non-accessable file (reading from /lustre/janus_scratch/howa1663/Seis_Data/SAC_JdF/Hydrophone/2016.MAR/2016.MAR.6/ft_2016.MAR.6.K02D.BDH.SAC).)
fmax_comp = inf
Warning(StaSacs): empty/non-accessable sacD (Load: Invalid or non-accessable file (reading from /lustre/janus_scratch/howa1663/Seis_Data/SAC_JdF/Hydrophone/2016.MAR/2016.MAR.6/ft_2016.MAR.6.K04D.BDH.SAC).)
fmax_comp = inf
Warning(StaSacs): empty/non-accessable sacD (Load: Invalid or non-accessable file (reading from /lustre/janus_scratch/howa1663/Seis_Data/SAC_JdF/Hydrophone/2016.MAR/2016.MAR.6/ft_2016.MAR.6.KENT.BDH.SAC).)
fmax_comp = inf
Warning(StaSacs): empty/non-accessable sacD (Load: Invalid or non-accessable file (reading from /lustre/janus_scratch/howa1663/Seis_Data/SAC_JdF/Hydrophone/2016.MAR/2016.MAR.6/ft_2016.MAR.6.L02E.BDH.SAC).)
fmax_comp = inf
Warning(StaSacs): empty/non-accessable sacD (Load: Invalid or non-accessable file (reading from /lustre/janus_scratch/howa1663/Seis_Data/SAC_JdF/Hydrophone/2016.MAR/2016.MAR.6/ft_2016.MAR.6.L04D.BDH.SAC).)
fmax_comp = inf
Warning(StaSacs): empty/non-accessable sacD (Load: Invalid or non-accessable file (reading from /lustre/janus_scratch/howa1663/Seis_Data/SAC_JdF/Hydrophone/2016.MAR/2016.MAR.6/ft_2016.MAR.6.LCCR.BDH.SAC).)
fmax_comp = inf
Warning(StaSacs): empty/non-accessable sacD (Load: Invalid or non-accessable file (reading from /lustre/janus_scratch/howa1663/Seis_Data/SAC_JdF/Hydrophone/2016.MAR/2016.MAR.6/ft_2016.MAR.6.LEBA.BDH.SAC).)
fmax_comp = inf
Warning(StaSacs): empty/non-accessable sacD (Load: Invalid or non-accessable file (reading from /lustre/janus_scratch/howa1663/Seis_Data/SAC_JdF/Hydrophone/2016.MAR/2016.MAR.6/ft_2016.MAR.6.LTY.BDH.SAC).)
fmax_comp = 0.100313
Warning(StaSacs): empty/non-accessable sacD (Load: Invalid or non-accessable file (reading from /lustre/janus_scratch/howa1663/Seis_Data/SAC_JdF/Hydrophone/2016.MAR/2016.MAR.6/ft_2016.MAR.6.M02C.BDH.SAC).)
fmax_comp = 0.0371393
Warning(StaSacs): empty/non-accessable sacD (Load: Invalid or non-accessable file (reading from /lustre/janus_scratch/howa1663/Seis_Data/SAC_JdF/Hydrophone/2016.MAR/2016.MAR.6/ft_2016.MAR.6.M04C.BDH.SAC).)
fmax_comp = inf
Warning(StaSacs): empty/non-accessable sacD (Load: Invalid or non-accessable file (reading from /lustre/janus_scratch/howa1663/Seis_Data/SAC_JdF/Hydrophone/2016.MAR/2016.MAR.6/ft_2016.MAR.6.MRBL.BDH.SAC).)
fmax_comp = inf
Warning(StaSacs): empty/non-accessable sacD (Load: Invalid or non-accessable file (reading from /lustre/janus_scratch/howa1663/Seis_Data/SAC_JdF/Hydrophone/2016.MAR/2016.MAR.6/ft_2016.MAR.6.N02D.BDH.SAC).)
fmax_comp = inf
Warning(StaSacs): empty/non-accessable sacD (Load: Invalid or non-accessable file (reading from /lustre/janus_scratch/howa1663/Seis_Data/SAC_JdF/Hydrophone/2016.MAR/2016.MAR.6/ft_2016.MAR.6.NLWA.BDH.SAC).)
fmax_comp = inf
Warning(StaSacs): empty/non-accessable sacD (Load: Invalid or non-accessable file (reading from /lustre/janus_scratch/howa1663/Seis_Data/SAC_JdF/Hydrophone/2016.MAR/2016.MAR.6/ft_2016.MAR.6.O02D.BDH.SAC).)
fmax_comp = inf
fmax_comp = inf
Warning(StaSacs): empty/non-accessable sacD (Load: Invalid or non-accessable file (reading from /lustre/janus_scratch/howa1663/Seis_Data/SAC_JdF/Hydrophone/2016.MAR/2016.MAR.6/ft_2016.MAR.6.O03E.BDH.SAC).)
Warning(StaSacs): empty/non-accessable sacD (Load: Invalid or non-accessable file (reading from /lustre/janus_scratch/howa1663/Seis_Data/SAC_JdF/Hydrophone/2016.MAR/2016.MAR.6/ft_2016.MAR.6.OMAK.BDH.SAC).)
fmax_comp = inf
Warning(StaSacs): empty/non-accessable sacD (Load: Invalid or non-accessable file (reading from /lustre/janus_scratch/howa1663/Seis_Data/SAC_JdF/Hydrophone/2016.MAR/2016.MAR.6/ft_2016.MAR.6.PASS.BDH.SAC).)
fmax_comp = inf
Warning(StaSacs): empty/non-accessable sacD (Load: Invalid or non-accessable file (reading from /lustre/janus_scratch/howa1663/Seis_Data/SAC_JdF/Hydrophone/2016.MAR/2016.MAR.6/ft_2016.MAR.6.PHIN.BDH.SAC).)
fmax_comp = inf
Warning(StaSacs): empty/non-accessable sacD (Load: Invalid or non-accessable file (reading from /lustre/janus_scratch/howa1663/Seis_Data/SAC_JdF/Hydrophone/2016.MAR/2016.MAR.6/ft_2016.MAR.6.SP2.BDH.SAC).)
fmax_comp = inf
Warning(StaSacs): empty/non-accessable sacD (Load: Invalid or non-accessable file (reading from /lustre/janus_scratch/howa1663/Seis_Data/SAC_JdF/Hydrophone/2016.MAR/2016.MAR.6/ft_2016.MAR.6.STOR.BDH.SAC).)
fmax_comp = inf
Warning(StaSacs): empty/non-accessable sacD (Load: Invalid or non-accessable file (reading from /lustre/janus_scratch/howa1663/Seis_Data/SAC_JdF/Hydrophone/2016.MAR/2016.MAR.6/ft_2016.MAR.6.TOLT.BDH.SAC).)
fmax_comp = inf
Warning(StaSacs): empty/non-accessable sacD (Load: Invalid or non-accessable file (reading from /lustre/janus_scratch/howa1663/Seis_Data/SAC_JdF/Hydrophone/2016.MAR/2016.MAR.6/ft_2016.MAR.6.TREE.BDH.SAC).)
fmax_comp = inf
Warning(StaSacs): empty/non-accessable sacD (Load: Invalid or non-accessable file (reading from /lustre/janus_scratch/howa1663/Seis_Data/SAC_JdF/Hydrophone/2016.MAR/2016.MAR.6/ft_2016.MAR.6.TUCA.BDH.SAC).)
fmax_comp = inf
Warning(StaSacs): empty/non-accessable sacD (Load: Invalid or non-accessable file (reading from /lustre/janus_scratch/howa1663/Seis_Data/SAC_JdF/Hydrophone/2016.MAR/2016.MAR.6/ft_2016.MAR.6.UMAT.BDH.SAC).)
fmax_comp = inf
Warning(StaSacs): empty/non-accessable sacD (Load: Invalid or non-accessable file (reading from /lustre/janus_scratch/howa1663/Seis_Data/SAC_JdF/Hydrophone/2016.MAR/2016.MAR.6/ft_2016.MAR.6.WDC.BDH.SAC).)
fmax_comp = inf
Warning(StaSacs): empty/non-accessable sacD (Load: Invalid or non-accessable file (reading from /lustre/janus_scratch/howa1663/Seis_Data/SAC_JdF/Hydrophone/2016.MAR/2016.MAR.6/ft_2016.MAR.6.WISH.BDH.SAC).)
fmax_comp = inf
Warning(StaSacs): empty/non-accessable sacD (Load: Invalid or non-accessable file (reading from /lustre/janus_scratch/howa1663/Seis_Data/SAC_JdF/Hydrophone/2016.MAR/2016.MAR.6/ft_2016.MAR.6.WOLL.BDH.SAC).)
fmax_comp = inf
Warning(StaSacs): empty/non-accessable sacD (Load: Invalid or non-accessable file (reading from /lustre/janus_scratch/howa1663/Seis_Data/SAC_JdF/Hydrophone/2016.MAR/2016.MAR.6/ft_2016.MAR.6.WVOR.BDH.SAC).)
fmax_comp = inf
Warning(StaSacs): empty/non-accessable sacD (Load: Invalid or non-accessable file (reading from /lustre/janus_scratch/howa1663/Seis_Data/SAC_JdF/Hydrophone/2016.MAR/2016.MAR.6/ft_2016.MAR.6.YACT.BDH.SAC).)
fmax_comp = inf
Warning(StaSacs): empty/non-accessable sacD (Load: Invalid or non-accessable file (reading from /lustre/janus_scratch/howa1663/Seis_Data/SAC_JdF/Hydrophone/2016.MAR/2016.MAR.7/ft_2016.MAR.7.A04D.BDH.SAC).)
fmax_comp = inf
Warning(StaSacs): empty/non-accessable sacD (Load: Invalid or non-accessable file (reading from /lustre/janus_scratch/howa1663/Seis_Data/SAC_JdF/Hydrophone/2016.MAR/2016.MAR.7/ft_2016.MAR.7.B05D.BDH.SAC).)
fmax_comp = inf
Warning(StaSacs): empty/non-accessable sacD (Load: Invalid or non-accessable file (reading from /lustre/janus_scratch/howa1663/Seis_Data/SAC_JdF/Hydrophone/2016.MAR/2016.MAR.7/ft_2016.MAR.7.BLOW.BDH.SAC).)
fmax_comp = inf
Warning(StaSacs): empty/non-accessable sacD (Load: Invalid or non-accessable file (reading from /lustre/janus_scratch/howa1663/Seis_Data/SAC_JdF/Hydrophone/2016.MAR/2016.MAR.7/ft_2016.MAR.7.C06D.BDH.SAC).)
fmax_comp = inf
Warning(StaSacs): empty/non-accessable sacD (Load: Invalid or non-accessable file (reading from /lustre/janus_scratch/howa1663/Seis_Data/SAC_JdF/Hydrophone/2016.MAR/2016.MAR.7/ft_2016.MAR.7.CCRK.BDH.SAC).)
fmax_comp = inf
Warning(StaSacs): empty/non-accessable sacD (Load: Invalid or non-accessable file (reading from /lustre/janus_scratch/howa1663/Seis_Data/SAC_JdF/Hydrophone/2016.MAR/2016.MAR.7/ft_2016.MAR.7.COR.BDH.SAC).)
fmax_comp = inf
Warning(StaSacs): empty/non-accessable sacD (Load: Invalid or non-accessable file (reading from /lustre/janus_scratch/howa1663/Seis_Data/SAC_JdF/Hydrophone/2016.MAR/2016.MAR.7/ft_2016.MAR.7.D03D.BDH.SAC).)
fmax_comp = inf
Warning(StaSacs): empty/non-accessable sacD (Load: Invalid or non-accessable file (reading from /lustre/janus_scratch/howa1663/Seis_Data/SAC_JdF/Hydrophone/2016.MAR/2016.MAR.7/ft_2016.MAR.7.D04E.BDH.SAC).)
fmax_comp = inf
Warning(StaSacs): empty/non-accessable sacD (Load: Invalid or non-accessable file (reading from /lustre/janus_scratch/howa1663/Seis_Data/SAC_JdF/Hydrophone/2016.MAR/2016.MAR.7/ft_2016.MAR.7.DAVN.BDH.SAC).)
fmax_comp = inf
Warning(StaSacs): empty/non-accessable sacD (Load: Invalid or non-accessable file (reading from /lustre/janus_scratch/howa1663/Seis_Data/SAC_JdF/Hydrophone/2016.MAR/2016.MAR.7/ft_2016.MAR.7.DBO.BDH.SAC).)
fmax_comp = inf
Warning(StaSacs): empty/non-accessable sacD (Load: Invalid or non-accessable file (reading from /lustre/janus_scratch/howa1663/Seis_Data/SAC_JdF/Hydrophone/2016.MAR/2016.MAR.7/ft_2016.MAR.7.DDRF.BDH.SAC).)
fmax_comp = inf
Warning(StaSacs): empty/non-accessable sacD (Load: Invalid or non-accessable file (reading from /lustre/janus_scratch/howa1663/Seis_Data/SAC_JdF/Hydrophone/2016.MAR/2016.MAR.7/ft_2016.MAR.7.E04D.BDH.SAC).)
fmax_comp = inf
Warning(StaSacs): empty/non-accessable sacD (Load: Invalid or non-accessable file (reading from /lustre/janus_scratch/howa1663/Seis_Data/SAC_JdF/Hydrophone/2016.MAR/2016.MAR.7/ft_2016.MAR.7.F04D.BDH.SAC).)
fmax_comp = inf
fmax_comp = 0.0227889
Warning(StaSacs): empty/non-accessable sacD (Load: Invalid or non-accessable file (reading from /lustre/janus_scratch/howa1663/Seis_Data/SAC_JdF/Hydrophone/2016.MAR/2016.MAR.7/ft_2016.MAR.7.F05D.BDH.SAC).)
Warning(StaSacs): empty/non-accessable sacD (Load: Invalid or non-accessable file (reading from /lustre/janus_scratch/howa1663/Seis_Data/SAC_JdF/Hydrophone/2016.MAR/2016.MAR.7/ft_2016.MAR.7.G03D.BDH.SAC).)
fmax_comp = 0.0217818
Warning(StaSacs): empty/non-accessable sacD (Load: Invalid or non-accessable file (reading from /lustre/janus_scratch/howa1663/Seis_Data/SAC_JdF/Hydrophone/2016.MAR/2016.MAR.7/ft_2016.MAR.7.G05D.BDH.SAC).)
fmax_comp = inf
fmax_comp = inf
Warning(StaSacs): empty/non-accessable sacD (Load: Invalid or non-accessable file (reading from /lustre/janus_scratch/howa1663/Seis_Data/SAC_JdF/Hydrophone/2016.MAR/2016.MAR.7/ft_2016.MAR.7.GNW.BDH.SAC).)
Warning(StaSacs): empty/non-accessable sacD (Load: Invalid or non-accessable file (reading from /lustre/janus_scratch/howa1663/Seis_Data/SAC_JdF/Hydrophone/2016.MAR/2016.MAR.7/ft_2016.MAR.7.H04D.BDH.SAC).)
fmax_comp = inf
Warning(StaSacs): empty/non-accessable sacD (Load: Invalid or non-accessable file (reading from /lustre/janus_scratch/howa1663/Seis_Data/SAC_JdF/Hydrophone/2016.MAR/2016.MAR.7/ft_2016.MAR.7.HAWA.BDH.SAC).)
fmax_comp = inf
Warning(StaSacs): empty/non-accessable sacD (Load: Invalid or non-accessable file (reading from /lustre/janus_scratch/howa1663/Seis_Data/SAC_JdF/Hydrophone/2016.MAR/2016.MAR.7/ft_2016.MAR.7.HEBO.BDH.SAC).)
fmax_comp = inf
Warning(StaSacs): empty/non-accessable sacD (Load: Invalid or non-accessable file (reading from /lustre/janus_scratch/howa1663/Seis_Data/SAC_JdF/Hydrophone/2016.MAR/2016.MAR.7/ft_2016.MAR.7.HOOD.BDH.SAC).)
fmax_comp = inf
fmax_comp = inf
Warning(StaSacs): empty/non-accessable sacD (Load: Invalid or non-accessable file (reading from /lustre/janus_scratch/howa1663/Seis_Data/SAC_JdF/Hydrophone/2016.MAR/2016.MAR.7/ft_2016.MAR.7.HUMO.BDH.SAC).)
Warning(StaSacs): empty/non-accessable sacD (Load: Invalid or non-accessable file (reading from /lustre/janus_scratch/howa1663/Seis_Data/SAC_JdF/Hydrophone/2016.MAR/2016.MAR.7/ft_2016.MAR.7.I02E.BDH.SAC).)
fmax_comp = inf
Warning(StaSacs): empty/non-accessable sacD (Load: Invalid or non-accessable file (reading from /lustre/janus_scratch/howa1663/Seis_Data/SAC_JdF/Hydrophone/2016.MAR/2016.MAR.7/ft_2016.MAR.7.I03D.BDH.SAC).)
fmax_comp = inf
Warning(StaSacs): empty/non-accessable sacD (Load: Invalid or non-accessable file (reading from /lustre/janus_scratch/howa1663/Seis_Data/SAC_JdF/Hydrophone/2016.MAR/2016.MAR.7/ft_2016.MAR.7.I04A.BDH.SAC).)
fmax_comp = inf
Warning(StaSacs): empty/non-accessable sacD (Load: Invalid or non-accessable file (reading from /lustre/janus_scratch/howa1663/Seis_Data/SAC_JdF/Hydrophone/2016.MAR/2016.MAR.7/ft_2016.MAR.7.I05D.BDH.SAC).)
fmax_comp = inf
Warning(StaSacs): empty/non-accessable sacD (Load: Invalid or non-accessable file (reading from /lustre/janus_scratch/howa1663/Seis_Data/SAC_JdF/Hydrophone/2016.MAR/2016.MAR.7/ft_2016.MAR.7.IRON.BDH.SAC).)
fmax_comp = inf
Warning(StaSacs): empty/non-accessable sacD (Load: Invalid or non-accessable file (reading from /lustre/janus_scratch/howa1663/Seis_Data/SAC_JdF/Hydrophone/2016.MAR/2016.MAR.7/ft_2016.MAR.7.IZEE.BDH.SAC).)
fmax_comp = inf
Warning(StaSacs): empty/non-accessable sacD (Load: Invalid or non-accessable file (reading from /lustre/janus_scratch/howa1663/Seis_Data/SAC_JdF/Hydrophone/2016.MAR/2016.MAR.7/ft_2016.MAR.7.J01E.BDH.SAC).)
fmax_comp = inf
fmax_comp = inf
Warning(StaSacs): empty/non-accessable sacD (Load: Invalid or non-accessable file (reading from /lustre/janus_scratch/howa1663/Seis_Data/SAC_JdF/Hydrophone/2016.MAR/2016.MAR.7/ft_2016.MAR.7.J04D.BDH.SAC).)
Warning(StaSacs): empty/non-accessable sacD (Load: Invalid or non-accessable file (reading from /lustre/janus_scratch/howa1663/Seis_Data/SAC_JdF/Hydrophone/2016.MAR/2016.MAR.7/ft_2016.MAR.7.J05D.BDH.SAC).)
fmax_comp = inf
Warning(StaSacs): empty/non-accessable sacD (Load: Invalid or non-accessable file (reading from /lustre/janus_scratch/howa1663/Seis_Data/SAC_JdF/Hydrophone/2016.MAR/2016.MAR.7/ft_2016.MAR.7.K02D.BDH.SAC).)
fmax_comp = inf
Warning(StaSacs): empty/non-accessable sacD (Load: Invalid or non-accessable file (reading from /lustre/janus_scratch/howa1663/Seis_Data/SAC_JdF/Hydrophone/2016.MAR/2016.MAR.7/ft_2016.MAR.7.K04D.BDH.SAC).)
fmax_comp = inf
fmax_comp = inf
Warning(StaSacs): empty/non-accessable sacD (Load: Invalid or non-accessable file (reading from /lustre/janus_scratch/howa1663/Seis_Data/SAC_JdF/Hydrophone/2016.MAR/2016.MAR.7/ft_2016.MAR.7.KENT.BDH.SAC).)
Warning(StaSacs): empty/non-accessable sacD (Load: Invalid or non-accessable file (reading from /lustre/janus_scratch/howa1663/Seis_Data/SAC_JdF/Hydrophone/2016.MAR/2016.MAR.7/ft_2016.MAR.7.L02E.BDH.SAC).)
fmax_comp = inf
Warning(StaSacs): empty/non-accessable sacD (Load: Invalid or non-accessable file (reading from /lustre/janus_scratch/howa1663/Seis_Data/SAC_JdF/Hydrophone/2016.MAR/2016.MAR.7/ft_2016.MAR.7.L04D.BDH.SAC).)
fmax_comp = inf
Warning(StaSacs): empty/non-accessable sacD (Load: Invalid or non-accessable file (reading from /lustre/janus_scratch/howa1663/Seis_Data/SAC_JdF/Hydrophone/2016.MAR/2016.MAR.7/ft_2016.MAR.7.LCCR.BDH.SAC).)
fmax_comp = inf
Warning(StaSacs): empty/non-accessable sacD (Load: Invalid or non-accessable file (reading from /lustre/janus_scratch/howa1663/Seis_Data/SAC_JdF/Hydrophone/2016.MAR/2016.MAR.7/ft_2016.MAR.7.LEBA.BDH.SAC).)
fmax_comp = inf
Warning(StaSacs): empty/non-accessable sacD (Load: Invalid or non-accessable file (reading from /lustre/janus_scratch/howa1663/Seis_Data/SAC_JdF/Hydrophone/2016.MAR/2016.MAR.7/ft_2016.MAR.7.LTY.BDH.SAC).)
fmax_comp = 0.100313
fmax_comp = 0.0371393
Warning(StaSacs): empty/non-accessable sacD (Load: Invalid or non-accessable file (reading from /lustre/janus_scratch/howa1663/Seis_Data/SAC_JdF/Hydrophone/2016.MAR/2016.MAR.7/ft_2016.MAR.7.M02C.BDH.SAC).)
Warning(StaSacs): empty/non-accessable sacD (Load: Invalid or non-accessable file (reading from /lustre/janus_scratch/howa1663/Seis_Data/SAC_JdF/Hydrophone/2016.MAR/2016.MAR.7/ft_2016.MAR.7.M04C.BDH.SAC).)
fmax_comp = inf
Warning(StaSacs): empty/non-accessable sacD (Load: Invalid or non-accessable file (reading from /lustre/janus_scratch/howa1663/Seis_Data/SAC_JdF/Hydrophone/2016.MAR/2016.MAR.7/ft_2016.MAR.7.MRBL.BDH.SAC).)
fmax_comp = inf
Warning(StaSacs): empty/non-accessable sacD (Load: Invalid or non-accessable file (reading from /lustre/janus_scratch/howa1663/Seis_Data/SAC_JdF/Hydrophone/2016.MAR/2016.MAR.7/ft_2016.MAR.7.N02D.BDH.SAC).)
fmax_comp = inf
fmax_comp = inf
Warning(StaSacs): empty/non-accessable sacD (Load: Invalid or non-accessable file (reading from /lustre/janus_scratch/howa1663/Seis_Data/SAC_JdF/Hydrophone/2016.MAR/2016.MAR.7/ft_2016.MAR.7.NLWA.BDH.SAC).)
Warning(StaSacs): empty/non-accessable sacD (Load: Invalid or non-accessable file (reading from /lustre/janus_scratch/howa1663/Seis_Data/SAC_JdF/Hydrophone/2016.MAR/2016.MAR.7/ft_2016.MAR.7.O02D.BDH.SAC).)
fmax_comp = inf
fmax_comp = inf
Warning(StaSacs): empty/non-accessable sacD (Load: Invalid or non-accessable file (reading from /lustre/janus_scratch/howa1663/Seis_Data/SAC_JdF/Hydrophone/2016.MAR/2016.MAR.7/ft_2016.MAR.7.O03E.BDH.SAC).)
Warning(StaSacs): empty/non-accessable sacD (Load: Invalid or non-accessable file (reading from /lustre/janus_scratch/howa1663/Seis_Data/SAC_JdF/Hydrophone/2016.MAR/2016.MAR.7/ft_2016.MAR.7.OMAK.BDH.SAC).)
fmax_comp = inf
Warning(StaSacs): empty/non-accessable sacD (Load: Invalid or non-accessable file (reading from /lustre/janus_scratch/howa1663/Seis_Data/SAC_JdF/Hydrophone/2016.MAR/2016.MAR.7/ft_2016.MAR.7.PASS.BDH.SAC).)
fmax_comp = inf
Warning(StaSacs): empty/non-accessable sacD (Load: Invalid or non-accessable file (reading from /lustre/janus_scratch/howa1663/Seis_Data/SAC_JdF/Hydrophone/2016.MAR/2016.MAR.7/ft_2016.MAR.7.PHIN.BDH.SAC).)
fmax_comp = inf
Warning(StaSacs): empty/non-accessable sacD (Load: Invalid or non-accessable file (reading from /lustre/janus_scratch/howa1663/Seis_Data/SAC_JdF/Hydrophone/2016.MAR/2016.MAR.7/ft_2016.MAR.7.SP2.BDH.SAC).)
fmax_comp = inf
Warning(StaSacs): empty/non-accessable sacD (Load: Invalid or non-accessable file (reading from /lustre/janus_scratch/howa1663/Seis_Data/SAC_JdF/Hydrophone/2016.MAR/2016.MAR.7/ft_2016.MAR.7.STOR.BDH.SAC).)
fmax_comp = inf
Warning(StaSacs): empty/non-accessable sacD (Load: Invalid or non-accessable file (reading from /lustre/janus_scratch/howa1663/Seis_Data/SAC_JdF/Hydrophone/2016.MAR/2016.MAR.7/ft_2016.MAR.7.TOLT.BDH.SAC).)
fmax_comp = inf
Warning(StaSacs): empty/non-accessable sacD (Load: Invalid or non-accessable file (reading from /lustre/janus_scratch/howa1663/Seis_Data/SAC_JdF/Hydrophone/2016.MAR/2016.MAR.7/ft_2016.MAR.7.TREE.BDH.SAC).)
fmax_comp = inf
Warning(StaSacs): empty/non-accessable sacD (Load: Invalid or non-accessable file (reading from /lustre/janus_scratch/howa1663/Seis_Data/SAC_JdF/Hydrophone/2016.MAR/2016.MAR.7/ft_2016.MAR.7.TUCA.BDH.SAC).)
fmax_comp = inf
Warning(StaSacs): empty/non-accessable sacD (Load: Invalid or non-accessable file (reading from /lustre/janus_scratch/howa1663/Seis_Data/SAC_JdF/Hydrophone/2016.MAR/2016.MAR.7/ft_2016.MAR.7.UMAT.BDH.SAC).)
fmax_comp = inf
Warning(StaSacs): empty/non-accessable sacD (Load: Invalid or non-accessable file (reading from /lustre/janus_scratch/howa1663/Seis_Data/SAC_JdF/Hydrophone/2016.MAR/2016.MAR.7/ft_2016.MAR.7.WDC.BDH.SAC).)
fmax_comp = inf
Warning(StaSacs): empty/non-accessable sacD (Load: Invalid or non-accessable file (reading from /lustre/janus_scratch/howa1663/Seis_Data/SAC_JdF/Hydrophone/2016.MAR/2016.MAR.7/ft_2016.MAR.7.WISH.BDH.SAC).)
fmax_comp = inf
fmax_comp = inf
Warning(StaSacs): empty/non-accessable sacD (Load: Invalid or non-accessable file (reading from /lustre/janus_scratch/howa1663/Seis_Data/SAC_JdF/Hydrophone/2016.MAR/2016.MAR.7/ft_2016.MAR.7.WOLL.BDH.SAC).)
Warning(StaSacs): empty/non-accessable sacD (Load: Invalid or non-accessable file (reading from /lustre/janus_scratch/howa1663/Seis_Data/SAC_JdF/Hydrophone/2016.MAR/2016.MAR.7/ft_2016.MAR.7.WVOR.BDH.SAC).)
fmax_comp = inf
fmax_comp = inf
Warning(StaSacs): empty/non-accessable sacD (Load: Invalid or non-accessable file (reading from /lustre/janus_scratch/howa1663/Seis_Data/SAC_JdF/Hydrophone/2016.MAR/2016.MAR.7/ft_2016.MAR.7.YACT.BDH.SAC).)
Warning(StaSacs): empty/non-accessable sacD (Load: Invalid or non-accessable file (reading from /lustre/janus_scratch/howa1663/Seis_Data/SAC_JdF/Hydrophone/2016.MAR/2016.MAR.8/ft_2016.MAR.8.A04D.BDH.SAC).)
fmax_comp = inf
Warning(StaSacs): empty/non-accessable sacD (Load: Invalid or non-accessable file (reading from /lustre/janus_scratch/howa1663/Seis_Data/SAC_JdF/Hydrophone/2016.MAR/2016.MAR.8/ft_2016.MAR.8.B05D.BDH.SAC).)
fmax_comp = inf
Warning(StaSacs): empty/non-accessable sacD (Load: Invalid or non-accessable file (reading from /lustre/janus_scratch/howa1663/Seis_Data/SAC_JdF/Hydrophone/2016.MAR/2016.MAR.8/ft_2016.MAR.8.BLOW.BDH.SAC).)
fmax_comp = inf
Warning(StaSacs): empty/non-accessable sacD (Load: Invalid or non-accessable file (reading from /lustre/janus_scratch/howa1663/Seis_Data/SAC_JdF/Hydrophone/2016.MAR/2016.MAR.8/ft_2016.MAR.8.C06D.BDH.SAC).)
fmax_comp = inf
Warning(StaSacs): empty/non-accessable sacD (Load: Invalid or non-accessable file (reading from /lustre/janus_scratch/howa1663/Seis_Data/SAC_JdF/Hydrophone/2016.MAR/2016.MAR.8/ft_2016.MAR.8.CCRK.BDH.SAC).)
fmax_comp = inf
Warning(StaSacs): empty/non-accessable sacD (Load: Invalid or non-accessable file (reading from /lustre/janus_scratch/howa1663/Seis_Data/SAC_JdF/Hydrophone/2016.MAR/2016.MAR.8/ft_2016.MAR.8.COR.BDH.SAC).)
fmax_comp = inf
Warning(StaSacs): empty/non-accessable sacD (Load: Invalid or non-accessable file (reading from /lustre/janus_scratch/howa1663/Seis_Data/SAC_JdF/Hydrophone/2016.MAR/2016.MAR.8/ft_2016.MAR.8.D03D.BDH.SAC).)
fmax_comp = inf
Warning(StaSacs): empty/non-accessable sacD (Load: Invalid or non-accessable file (reading from /lustre/janus_scratch/howa1663/Seis_Data/SAC_JdF/Hydrophone/2016.MAR/2016.MAR.8/ft_2016.MAR.8.D04E.BDH.SAC).)
fmax_comp = inf
Warning(StaSacs): empty/non-accessable sacD (Load: Invalid or non-accessable file (reading from /lustre/janus_scratch/howa1663/Seis_Data/SAC_JdF/Hydrophone/2016.MAR/2016.MAR.8/ft_2016.MAR.8.DAVN.BDH.SAC).)
fmax_comp = inf
fmax_comp = inf
Warning(StaSacs): empty/non-accessable sacD (Load: Invalid or non-accessable file (reading from /lustre/janus_scratch/howa1663/Seis_Data/SAC_JdF/Hydrophone/2016.MAR/2016.MAR.8/ft_2016.MAR.8.DBO.BDH.SAC).)
Warning(StaSacs): empty/non-accessable sacD (Load: Invalid or non-accessable file (reading from /lustre/janus_scratch/howa1663/Seis_Data/SAC_JdF/Hydrophone/2016.MAR/2016.MAR.8/ft_2016.MAR.8.DDRF.BDH.SAC).)
fmax_comp = inf
Warning(StaSacs): empty/non-accessable sacD (Load: Invalid or non-accessable file (reading from /lustre/janus_scratch/howa1663/Seis_Data/SAC_JdF/Hydrophone/2016.MAR/2016.MAR.8/ft_2016.MAR.8.E04D.BDH.SAC).)
fmax_comp = inf
Warning(StaSacs): empty/non-accessable sacD (Load: Invalid or non-accessable file (reading from /lustre/janus_scratch/howa1663/Seis_Data/SAC_JdF/Hydrophone/2016.MAR/2016.MAR.8/ft_2016.MAR.8.F04D.BDH.SAC).)
fmax_comp = inf
Warning(StaSacs): empty/non-accessable sacD (Load: Invalid or non-accessable file (reading from /lustre/janus_scratch/howa1663/Seis_Data/SAC_JdF/Hydrophone/2016.MAR/2016.MAR.8/ft_2016.MAR.8.F05D.BDH.SAC).)
fmax_comp = 0.0227889
fmax_comp = 0.0217818
Warning(StaSacs): empty/non-accessable sacD (Load: Invalid or non-accessable file (reading from /lustre/janus_scratch/howa1663/Seis_Data/SAC_JdF/Hydrophone/2016.MAR/2016.MAR.8/ft_2016.MAR.8.G03D.BDH.SAC).)
Warning(StaSacs): empty/non-accessable sacD (Load: Invalid or non-accessable file (reading from /lustre/janus_scratch/howa1663/Seis_Data/SAC_JdF/Hydrophone/2016.MAR/2016.MAR.8/ft_2016.MAR.8.G05D.BDH.SAC).)
fmax_comp = inf
fmax_comp = inf
Warning(StaSacs): empty/non-accessable sacD (Load: Invalid or non-accessable file (reading from /lustre/janus_scratch/howa1663/Seis_Data/SAC_JdF/Hydrophone/2016.MAR/2016.MAR.8/ft_2016.MAR.8.GNW.BDH.SAC).)
Warning(StaSacs): empty/non-accessable sacD (Load: Invalid or non-accessable file (reading from /lustre/janus_scratch/howa1663/Seis_Data/SAC_JdF/Hydrophone/2016.MAR/2016.MAR.8/ft_2016.MAR.8.H04D.BDH.SAC).)
fmax_comp = inf
Warning(StaSacs): empty/non-accessable sacD (Load: Invalid or non-accessable file (reading from /lustre/janus_scratch/howa1663/Seis_Data/SAC_JdF/Hydrophone/2016.MAR/2016.MAR.8/ft_2016.MAR.8.HAWA.BDH.SAC).)
fmax_comp = inf
Warning(StaSacs): empty/non-accessable sacD (Load: Invalid or non-accessable file (reading from /lustre/janus_scratch/howa1663/Seis_Data/SAC_JdF/Hydrophone/2016.MAR/2016.MAR.8/ft_2016.MAR.8.HEBO.BDH.SAC).)
fmax_comp = inf
Warning(StaSacs): empty/non-accessable sacD (Load: Invalid or non-accessable file (reading from /lustre/janus_scratch/howa1663/Seis_Data/SAC_JdF/Hydrophone/2016.MAR/2016.MAR.8/ft_2016.MAR.8.HOOD.BDH.SAC).)
fmax_comp = inf
fmax_comp = inf
Warning(StaSacs): empty/non-accessable sacD (Load: Invalid or non-accessable file (reading from /lustre/janus_scratch/howa1663/Seis_Data/SAC_JdF/Hydrophone/2016.MAR/2016.MAR.8/ft_2016.MAR.8.HUMO.BDH.SAC).)
Warning(StaSacs): empty/non-accessable sacD (Load: Invalid or non-accessable file (reading from /lustre/janus_scratch/howa1663/Seis_Data/SAC_JdF/Hydrophone/2016.MAR/2016.MAR.8/ft_2016.MAR.8.I02E.BDH.SAC).)
fmax_comp = inf
Warning(StaSacs): empty/non-accessable sacD (Load: Invalid or non-accessable file (reading from /lustre/janus_scratch/howa1663/Seis_Data/SAC_JdF/Hydrophone/2016.MAR/2016.MAR.8/ft_2016.MAR.8.I03D.BDH.SAC).)
fmax_comp = inf
Warning(StaSacs): empty/non-accessable sacD (Load: Invalid or non-accessable file (reading from /lustre/janus_scratch/howa1663/Seis_Data/SAC_JdF/Hydrophone/2016.MAR/2016.MAR.8/ft_2016.MAR.8.I04A.BDH.SAC).)
fmax_comp = inf
Warning(StaSacs): empty/non-accessable sacD (Load: Invalid or non-accessable file (reading from /lustre/janus_scratch/howa1663/Seis_Data/SAC_JdF/Hydrophone/2016.MAR/2016.MAR.8/ft_2016.MAR.8.I05D.BDH.SAC).)
fmax_comp = inf
fmax_comp = inf
Warning(StaSacs): empty/non-accessable sacD (Load: Invalid or non-accessable file (reading from /lustre/janus_scratch/howa1663/Seis_Data/SAC_JdF/Hydrophone/2016.MAR/2016.MAR.8/ft_2016.MAR.8.IRON.BDH.SAC).)
Warning(StaSacs): empty/non-accessable sacD (Load: Invalid or non-accessable file (reading from /lustre/janus_scratch/howa1663/Seis_Data/SAC_JdF/Hydrophone/2016.MAR/2016.MAR.8/ft_2016.MAR.8.IZEE.BDH.SAC).)
fmax_comp = inf
Warning(StaSacs): empty/non-accessable sacD (Load: Invalid or non-accessable file (reading from /lustre/janus_scratch/howa1663/Seis_Data/SAC_JdF/Hydrophone/2016.MAR/2016.MAR.8/ft_2016.MAR.8.J01E.BDH.SAC).)
fmax_comp = inf
Warning(StaSacs): empty/non-accessable sacD (Load: Invalid or non-accessable file (reading from /lustre/janus_scratch/howa1663/Seis_Data/SAC_JdF/Hydrophone/2016.MAR/2016.MAR.8/ft_2016.MAR.8.J04D.BDH.SAC).)
fmax_comp = inf
Warning(StaSacs): empty/non-accessable sacD (Load: Invalid or non-accessable file (reading from /lustre/janus_scratch/howa1663/Seis_Data/SAC_JdF/Hydrophone/2016.MAR/2016.MAR.8/ft_2016.MAR.8.J05D.BDH.SAC).)
fmax_comp = inf
Warning(StaSacs): empty/non-accessable sacD (Load: Invalid or non-accessable file (reading from /lustre/janus_scratch/howa1663/Seis_Data/SAC_JdF/Hydrophone/2016.MAR/2016.MAR.8/ft_2016.MAR.8.K02D.BDH.SAC).)
fmax_comp = inf
Warning(StaSacs): empty/non-accessable sacD (Load: Invalid or non-accessable file (reading from /lustre/janus_scratch/howa1663/Seis_Data/SAC_JdF/Hydrophone/2016.MAR/2016.MAR.8/ft_2016.MAR.8.K04D.BDH.SAC).)
fmax_comp = inf
fmax_comp = inf
Warning(StaSacs): empty/non-accessable sacD (Load: Invalid or non-accessable file (reading from /lustre/janus_scratch/howa1663/Seis_Data/SAC_JdF/Hydrophone/2016.MAR/2016.MAR.8/ft_2016.MAR.8.KENT.BDH.SAC).)
Warning(StaSacs): empty/non-accessable sacD (Load: Invalid or non-accessable file (reading from /lustre/janus_scratch/howa1663/Seis_Data/SAC_JdF/Hydrophone/2016.MAR/2016.MAR.8/ft_2016.MAR.8.L02E.BDH.SAC).)
fmax_comp = inf
fmax_comp = inf
Warning(StaSacs): empty/non-accessable sacD (Load: Invalid or non-accessable file (reading from /lustre/janus_scratch/howa1663/Seis_Data/SAC_JdF/Hydrophone/2016.MAR/2016.MAR.8/ft_2016.MAR.8.L04D.BDH.SAC).)
Warning(StaSacs): empty/non-accessable sacD (Load: Invalid or non-accessable file (reading from /lustre/janus_scratch/howa1663/Seis_Data/SAC_JdF/Hydrophone/2016.MAR/2016.MAR.8/ft_2016.MAR.8.LCCR.BDH.SAC).)
fmax_comp = inf
Warning(StaSacs): empty/non-accessable sacD (Load: Invalid or non-accessable file (reading from /lustre/janus_scratch/howa1663/Seis_Data/SAC_JdF/Hydrophone/2016.MAR/2016.MAR.8/ft_2016.MAR.8.LEBA.BDH.SAC).)
fmax_comp = inf
Warning(StaSacs): empty/non-accessable sacD (Load: Invalid or non-accessable file (reading from /lustre/janus_scratch/howa1663/Seis_Data/SAC_JdF/Hydrophone/2016.MAR/2016.MAR.8/ft_2016.MAR.8.LTY.BDH.SAC).)
fmax_comp = 0.100313
Warning(StaSacs): empty/non-accessable sacD (Load: Invalid or non-accessable file (reading from /lustre/janus_scratch/howa1663/Seis_Data/SAC_JdF/Hydrophone/2016.MAR/2016.MAR.8/ft_2016.MAR.8.M02C.BDH.SAC).)
fmax_comp = 0.0371393
Warning(StaSacs): empty/non-accessable sacD (Load: Invalid or non-accessable file (reading from /lustre/janus_scratch/howa1663/Seis_Data/SAC_JdF/Hydrophone/2016.MAR/2016.MAR.8/ft_2016.MAR.8.M04C.BDH.SAC).)
fmax_comp = inf
Warning(StaSacs): empty/non-accessable sacD (Load: Invalid or non-accessable file (reading from /lustre/janus_scratch/howa1663/Seis_Data/SAC_JdF/Hydrophone/2016.MAR/2016.MAR.8/ft_2016.MAR.8.MRBL.BDH.SAC).)
fmax_comp = inf
Warning(StaSacs): empty/non-accessable sacD (Load: Invalid or non-accessable file (reading from /lustre/janus_scratch/howa1663/Seis_Data/SAC_JdF/Hydrophone/2016.MAR/2016.MAR.8/ft_2016.MAR.8.N02D.BDH.SAC).)
fmax_comp = inf
Warning(StaSacs): empty/non-accessable sacD (Load: Invalid or non-accessable file (reading from /lustre/janus_scratch/howa1663/Seis_Data/SAC_JdF/Hydrophone/2016.MAR/2016.MAR.8/ft_2016.MAR.8.NLWA.BDH.SAC).)
fmax_comp = inf
Warning(StaSacs): empty/non-accessable sacD (Load: Invalid or non-accessable file (reading from /lustre/janus_scratch/howa1663/Seis_Data/SAC_JdF/Hydrophone/2016.MAR/2016.MAR.8/ft_2016.MAR.8.O02D.BDH.SAC).)
fmax_comp = inf
fmax_comp = inf
Warning(StaSacs): empty/non-accessable sacD (Load: Invalid or non-accessable file (reading from /lustre/janus_scratch/howa1663/Seis_Data/SAC_JdF/Hydrophone/2016.MAR/2016.MAR.8/ft_2016.MAR.8.O03E.BDH.SAC).)
Warning(StaSacs): empty/non-accessable sacD (Load: Invalid or non-accessable file (reading from /lustre/janus_scratch/howa1663/Seis_Data/SAC_JdF/Hydrophone/2016.MAR/2016.MAR.8/ft_2016.MAR.8.OMAK.BDH.SAC).)
fmax_comp = inf
Warning(StaSacs): empty/non-accessable sacD (Load: Invalid or non-accessable file (reading from /lustre/janus_scratch/howa1663/Seis_Data/SAC_JdF/Hydrophone/2016.MAR/2016.MAR.8/ft_2016.MAR.8.PASS.BDH.SAC).)
fmax_comp = inf
Warning(StaSacs): empty/non-accessable sacD (Load: Invalid or non-accessable file (reading from /lustre/janus_scratch/howa1663/Seis_Data/SAC_JdF/Hydrophone/2016.MAR/2016.MAR.8/ft_2016.MAR.8.PHIN.BDH.SAC).)
fmax_comp = inf
Warning(StaSacs): empty/non-accessable sacD (Load: Invalid or non-accessable file (reading from /lustre/janus_scratch/howa1663/Seis_Data/SAC_JdF/Hydrophone/2016.MAR/2016.MAR.8/ft_2016.MAR.8.SP2.BDH.SAC).)
fmax_comp = inf
Warning(StaSacs): empty/non-accessable sacD (Load: Invalid or non-accessable file (reading from /lustre/janus_scratch/howa1663/Seis_Data/SAC_JdF/Hydrophone/2016.MAR/2016.MAR.8/ft_2016.MAR.8.STOR.BDH.SAC).)
fmax_comp = inf
Warning(StaSacs): empty/non-accessable sacD (Load: Invalid or non-accessable file (reading from /lustre/janus_scratch/howa1663/Seis_Data/SAC_JdF/Hydrophone/2016.MAR/2016.MAR.8/ft_2016.MAR.8.TOLT.BDH.SAC).)
fmax_comp = inf
Warning(StaSacs): empty/non-accessable sacD (Load: Invalid or non-accessable file (reading from /lustre/janus_scratch/howa1663/Seis_Data/SAC_JdF/Hydrophone/2016.MAR/2016.MAR.8/ft_2016.MAR.8.TREE.BDH.SAC).)
fmax_comp = inf
Warning(StaSacs): empty/non-accessable sacD (Load: Invalid or non-accessable file (reading from /lustre/janus_scratch/howa1663/Seis_Data/SAC_JdF/Hydrophone/2016.MAR/2016.MAR.8/ft_2016.MAR.8.TUCA.BDH.SAC).)
fmax_comp = inf
Warning(StaSacs): empty/non-accessable sacD (Load: Invalid or non-accessable file (reading from /lustre/janus_scratch/howa1663/Seis_Data/SAC_JdF/Hydrophone/2016.MAR/2016.MAR.8/ft_2016.MAR.8.UMAT.BDH.SAC).)
fmax_comp = inf
Warning(StaSacs): empty/non-accessable sacD (Load: Invalid or non-accessable file (reading from /lustre/janus_scratch/howa1663/Seis_Data/SAC_JdF/Hydrophone/2016.MAR/2016.MAR.8/ft_2016.MAR.8.WDC.BDH.SAC).)
fmax_comp = inf
Warning(StaSacs): empty/non-accessable sacD (Load: Invalid or non-accessable file (reading from /lustre/janus_scratch/howa1663/Seis_Data/SAC_JdF/Hydrophone/2016.MAR/2016.MAR.8/ft_2016.MAR.8.WISH.BDH.SAC).)
fmax_comp = inf
Warning(StaSacs): empty/non-accessable sacD (Load: Invalid or non-accessable file (reading from /lustre/janus_scratch/howa1663/Seis_Data/SAC_JdF/Hydrophone/2016.MAR/2016.MAR.8/ft_2016.MAR.8.WOLL.BDH.SAC).)
fmax_comp = inf
Warning(StaSacs): empty/non-accessable sacD (Load: Invalid or non-accessable file (reading from /lustre/janus_scratch/howa1663/Seis_Data/SAC_JdF/Hydrophone/2016.MAR/2016.MAR.8/ft_2016.MAR.8.WVOR.BDH.SAC).)
fmax_comp = inf
Warning(StaSacs): empty/non-accessable sacD (Load: Invalid or non-accessable file (reading from /lustre/janus_scratch/howa1663/Seis_Data/SAC_JdF/Hydrophone/2016.MAR/2016.MAR.8/ft_2016.MAR.8.YACT.BDH.SAC).)
fmax_comp = inf
Warning(StaSacs): empty/non-accessable sacD (Load: Invalid or non-accessable file (reading from /lustre/janus_scratch/howa1663/Seis_Data/SAC_JdF/Hydrophone/2016.MAR/2016.MAR.9/ft_2016.MAR.9.A04D.BDH.SAC).)
fmax_comp = inf
Warning(StaSacs): empty/non-accessable sacD (Load: Invalid or non-accessable file (reading from /lustre/janus_scratch/howa1663/Seis_Data/SAC_JdF/Hydrophone/2016.MAR/2016.MAR.9/ft_2016.MAR.9.B05D.BDH.SAC).)
fmax_comp = inf
Warning(StaSacs): empty/non-accessable sacD (Load: Invalid or non-accessable file (reading from /lustre/janus_scratch/howa1663/Seis_Data/SAC_JdF/Hydrophone/2016.MAR/2016.MAR.9/ft_2016.MAR.9.BLOW.BDH.SAC).)
fmax_comp = inf
Warning(StaSacs): empty/non-accessable sacD (Load: Invalid or non-accessable file (reading from /lustre/janus_scratch/howa1663/Seis_Data/SAC_JdF/Hydrophone/2016.MAR/2016.MAR.9/ft_2016.MAR.9.C06D.BDH.SAC).)
fmax_comp = inf
Warning(StaSacs): empty/non-accessable sacD (Load: Invalid or non-accessable file (reading from /lustre/janus_scratch/howa1663/Seis_Data/SAC_JdF/Hydrophone/2016.MAR/2016.MAR.9/ft_2016.MAR.9.CCRK.BDH.SAC).)
fmax_comp = inf
Warning(StaSacs): empty/non-accessable sacD (Load: Invalid or non-accessable file (reading from /lustre/janus_scratch/howa1663/Seis_Data/SAC_JdF/Hydrophone/2016.MAR/2016.MAR.9/ft_2016.MAR.9.COR.BDH.SAC).)
fmax_comp = inf
Warning(StaSacs): empty/non-accessable sacD (Load: Invalid or non-accessable file (reading from /lustre/janus_scratch/howa1663/Seis_Data/SAC_JdF/Hydrophone/2016.MAR/2016.MAR.9/ft_2016.MAR.9.D03D.BDH.SAC).)
fmax_comp = inf
Warning(StaSacs): empty/non-accessable sacD (Load: Invalid or non-accessable file (reading from /lustre/janus_scratch/howa1663/Seis_Data/SAC_JdF/Hydrophone/2016.MAR/2016.MAR.9/ft_2016.MAR.9.D04E.BDH.SAC).)
fmax_comp = inf
Warning(StaSacs): empty/non-accessable sacD (Load: Invalid or non-accessable file (reading from /lustre/janus_scratch/howa1663/Seis_Data/SAC_JdF/Hydrophone/2016.MAR/2016.MAR.9/ft_2016.MAR.9.DAVN.BDH.SAC).)
fmax_comp = inf
Warning(StaSacs): empty/non-accessable sacD (Load: Invalid or non-accessable file (reading from /lustre/janus_scratch/howa1663/Seis_Data/SAC_JdF/Hydrophone/2016.MAR/2016.MAR.9/ft_2016.MAR.9.DBO.BDH.SAC).)
fmax_comp = inf
Warning(StaSacs): empty/non-accessable sacD (Load: Invalid or non-accessable file (reading from /lustre/janus_scratch/howa1663/Seis_Data/SAC_JdF/Hydrophone/2016.MAR/2016.MAR.9/ft_2016.MAR.9.DDRF.BDH.SAC).)
fmax_comp = inf
Warning(StaSacs): empty/non-accessable sacD (Load: Invalid or non-accessable file (reading from /lustre/janus_scratch/howa1663/Seis_Data/SAC_JdF/Hydrophone/2016.MAR/2016.MAR.9/ft_2016.MAR.9.E04D.BDH.SAC).)
fmax_comp = inf
Warning(StaSacs): empty/non-accessable sacD (Load: Invalid or non-accessable file (reading from /lustre/janus_scratch/howa1663/Seis_Data/SAC_JdF/Hydrophone/2016.MAR/2016.MAR.9/ft_2016.MAR.9.F04D.BDH.SAC).)
fmax_comp = inf
Warning(StaSacs): empty/non-accessable sacD (Load: Invalid or non-accessable file (reading from /lustre/janus_scratch/howa1663/Seis_Data/SAC_JdF/Hydrophone/2016.MAR/2016.MAR.9/ft_2016.MAR.9.F05D.BDH.SAC).)
fmax_comp = 0.0227889
Warning(StaSacs): empty/non-accessable sacD (Load: Invalid or non-accessable file (reading from /lustre/janus_scratch/howa1663/Seis_Data/SAC_JdF/Hydrophone/2016.MAR/2016.MAR.9/ft_2016.MAR.9.G03D.BDH.SAC).)
fmax_comp = 0.0217818
Warning(StaSacs): empty/non-accessable sacD (Load: Invalid or non-accessable file (reading from /lustre/janus_scratch/howa1663/Seis_Data/SAC_JdF/Hydrophone/2016.MAR/2016.MAR.9/ft_2016.MAR.9.G05D.BDH.SAC).)
fmax_comp = inf
Warning(StaSacs): empty/non-accessable sacD (Load: Invalid or non-accessable file (reading from /lustre/janus_scratch/howa1663/Seis_Data/SAC_JdF/Hydrophone/2016.MAR/2016.MAR.9/ft_2016.MAR.9.GNW.BDH.SAC).)
fmax_comp = inf
Warning(StaSacs): empty/non-accessable sacD (Load: Invalid or non-accessable file (reading from /lustre/janus_scratch/howa1663/Seis_Data/SAC_JdF/Hydrophone/2016.MAR/2016.MAR.9/ft_2016.MAR.9.H04D.BDH.SAC).)
fmax_comp = inf
Warning(StaSacs): empty/non-accessable sacD (Load: Invalid or non-accessable file (reading from /lustre/janus_scratch/howa1663/Seis_Data/SAC_JdF/Hydrophone/2016.MAR/2016.MAR.9/ft_2016.MAR.9.HAWA.BDH.SAC).)
fmax_comp = inf
Warning(StaSacs): empty/non-accessable sacD (Load: Invalid or non-accessable file (reading from /lustre/janus_scratch/howa1663/Seis_Data/SAC_JdF/Hydrophone/2016.MAR/2016.MAR.9/ft_2016.MAR.9.HEBO.BDH.SAC).)
fmax_comp = inf
Warning(StaSacs): empty/non-accessable sacD (Load: Invalid or non-accessable file (reading from /lustre/janus_scratch/howa1663/Seis_Data/SAC_JdF/Hydrophone/2016.MAR/2016.MAR.9/ft_2016.MAR.9.HOOD.BDH.SAC).)
fmax_comp = inf
Warning(StaSacs): empty/non-accessable sacD (Load: Invalid or non-accessable file (reading from /lustre/janus_scratch/howa1663/Seis_Data/SAC_JdF/Hydrophone/2016.MAR/2016.MAR.9/ft_2016.MAR.9.HUMO.BDH.SAC).)
fmax_comp = inf
fmax_comp = inf
Warning(StaSacs): empty/non-accessable sacD (Load: Invalid or non-accessable file (reading from /lustre/janus_scratch/howa1663/Seis_Data/SAC_JdF/Hydrophone/2016.MAR/2016.MAR.9/ft_2016.MAR.9.I02E.BDH.SAC).)
Warning(StaSacs): empty/non-accessable sacD (Load: Invalid or non-accessable file (reading from /lustre/janus_scratch/howa1663/Seis_Data/SAC_JdF/Hydrophone/2016.MAR/2016.MAR.9/ft_2016.MAR.9.I03D.BDH.SAC).)
fmax_comp = inf
Warning(StaSacs): empty/non-accessable sacD (Load: Invalid or non-accessable file (reading from /lustre/janus_scratch/howa1663/Seis_Data/SAC_JdF/Hydrophone/2016.MAR/2016.MAR.9/ft_2016.MAR.9.I04A.BDH.SAC).)
fmax_comp = inf
Warning(StaSacs): empty/non-accessable sacD (Load: Invalid or non-accessable file (reading from /lustre/janus_scratch/howa1663/Seis_Data/SAC_JdF/Hydrophone/2016.MAR/2016.MAR.9/ft_2016.MAR.9.I05D.BDH.SAC).)
fmax_comp = inf
Warning(StaSacs): empty/non-accessable sacD (Load: Invalid or non-accessable file (reading from /lustre/janus_scratch/howa1663/Seis_Data/SAC_JdF/Hydrophone/2016.MAR/2016.MAR.9/ft_2016.MAR.9.IRON.BDH.SAC).)
fmax_comp = inf
Warning(StaSacs): empty/non-accessable sacD (Load: Invalid or non-accessable file (reading from /lustre/janus_scratch/howa1663/Seis_Data/SAC_JdF/Hydrophone/2016.MAR/2016.MAR.9/ft_2016.MAR.9.IZEE.BDH.SAC).)
fmax_comp = inf
Warning(StaSacs): empty/non-accessable sacD (Load: Invalid or non-accessable file (reading from /lustre/janus_scratch/howa1663/Seis_Data/SAC_JdF/Hydrophone/2016.MAR/2016.MAR.9/ft_2016.MAR.9.J01E.BDH.SAC).)
fmax_comp = inf
Warning(StaSacs): empty/non-accessable sacD (Load: Invalid or non-accessable file (reading from /lustre/janus_scratch/howa1663/Seis_Data/SAC_JdF/Hydrophone/2016.MAR/2016.MAR.9/ft_2016.MAR.9.J04D.BDH.SAC).)
fmax_comp = inf
fmax_comp = inf
Warning(StaSacs): empty/non-accessable sacD (Load: Invalid or non-accessable file (reading from /lustre/janus_scratch/howa1663/Seis_Data/SAC_JdF/Hydrophone/2016.MAR/2016.MAR.9/ft_2016.MAR.9.J05D.BDH.SAC).)
Warning(StaSacs): empty/non-accessable sacD (Load: Invalid or non-accessable file (reading from /lustre/janus_scratch/howa1663/Seis_Data/SAC_JdF/Hydrophone/2016.MAR/2016.MAR.9/ft_2016.MAR.9.K02D.BDH.SAC).)
fmax_comp = inf
fmax_comp = inf
Warning(StaSacs): empty/non-accessable sacD (Load: Invalid or non-accessable file (reading from /lustre/janus_scratch/howa1663/Seis_Data/SAC_JdF/Hydrophone/2016.MAR/2016.MAR.9/ft_2016.MAR.9.K04D.BDH.SAC).)
Warning(StaSacs): empty/non-accessable sacD (Load: Invalid or non-accessable file (reading from /lustre/janus_scratch/howa1663/Seis_Data/SAC_JdF/Hydrophone/2016.MAR/2016.MAR.9/ft_2016.MAR.9.KENT.BDH.SAC).)
fmax_comp = inf
Warning(StaSacs): empty/non-accessable sacD (Load: Invalid or non-accessable file (reading from /lustre/janus_scratch/howa1663/Seis_Data/SAC_JdF/Hydrophone/2016.MAR/2016.MAR.9/ft_2016.MAR.9.L02E.BDH.SAC).)
fmax_comp = inf
fmax_comp = inf
Warning(StaSacs): empty/non-accessable sacD (Load: Invalid or non-accessable file (reading from /lustre/janus_scratch/howa1663/Seis_Data/SAC_JdF/Hydrophone/2016.MAR/2016.MAR.9/ft_2016.MAR.9.L04D.BDH.SAC).)
Warning(StaSacs): empty/non-accessable sacD (Load: Invalid or non-accessable file (reading from /lustre/janus_scratch/howa1663/Seis_Data/SAC_JdF/Hydrophone/2016.MAR/2016.MAR.9/ft_2016.MAR.9.LCCR.BDH.SAC).)
fmax_comp = inf
Warning(StaSacs): empty/non-accessable sacD (Load: Invalid or non-accessable file (reading from /lustre/janus_scratch/howa1663/Seis_Data/SAC_JdF/Hydrophone/2016.MAR/2016.MAR.9/ft_2016.MAR.9.LEBA.BDH.SAC).)
fmax_comp = inf
Warning(StaSacs): empty/non-accessable sacD (Load: Invalid or non-accessable file (reading from /lustre/janus_scratch/howa1663/Seis_Data/SAC_JdF/Hydrophone/2016.MAR/2016.MAR.9/ft_2016.MAR.9.LTY.BDH.SAC).)
fmax_comp = 0.100313
Warning(StaSacs): empty/non-accessable sacD (Load: Invalid or non-accessable file (reading from /lustre/janus_scratch/howa1663/Seis_Data/SAC_JdF/Hydrophone/2016.MAR/2016.MAR.9/ft_2016.MAR.9.M02C.BDH.SAC).)
fmax_comp = 0.0371393
fmax_comp = inf
Warning(StaSacs): empty/non-accessable sacD (Load: Invalid or non-accessable file (reading from /lustre/janus_scratch/howa1663/Seis_Data/SAC_JdF/Hydrophone/2016.MAR/2016.MAR.9/ft_2016.MAR.9.M04C.BDH.SAC).)
Warning(StaSacs): empty/non-accessable sacD (Load: Invalid or non-accessable file (reading from /lustre/janus_scratch/howa1663/Seis_Data/SAC_JdF/Hydrophone/2016.MAR/2016.MAR.9/ft_2016.MAR.9.MRBL.BDH.SAC).)
fmax_comp = inf
Warning(StaSacs): empty/non-accessable sacD (Load: Invalid or non-accessable file (reading from /lustre/janus_scratch/howa1663/Seis_Data/SAC_JdF/Hydrophone/2016.MAR/2016.MAR.9/ft_2016.MAR.9.N02D.BDH.SAC).)
fmax_comp = inf
fmax_comp = inf
fmax_comp = inf
Warning(StaSacs): empty/non-accessable sacD (Load: Invalid or non-accessable file (reading from /lustre/janus_scratch/howa1663/Seis_Data/SAC_JdF/Hydrophone/2016.MAR/2016.MAR.9/ft_2016.MAR.9.NLWA.BDH.SAC).)
Warning(StaSacs): empty/non-accessable sacD (Load: Invalid or non-accessable file (reading from /lustre/janus_scratch/howa1663/Seis_Data/SAC_JdF/Hydrophone/2016.MAR/2016.MAR.9/ft_2016.MAR.9.O02D.BDH.SAC).)
Warning(StaSacs): empty/non-accessable sacD (Load: Invalid or non-accessable file (reading from /lustre/janus_scratch/howa1663/Seis_Data/SAC_JdF/Hydrophone/2016.MAR/2016.MAR.9/ft_2016.MAR.9.O03E.BDH.SAC).)
fmax_comp = inf
Warning(StaSacs): empty/non-accessable sacD (Load: Invalid or non-accessable file (reading from /lustre/janus_scratch/howa1663/Seis_Data/SAC_JdF/Hydrophone/2016.MAR/2016.MAR.9/ft_2016.MAR.9.OMAK.BDH.SAC).)
fmax_comp = inf
fmax_comp = inf
Warning(StaSacs): empty/non-accessable sacD (Load: Invalid or non-accessable file (reading from /lustre/janus_scratch/howa1663/Seis_Data/SAC_JdF/Hydrophone/2016.MAR/2016.MAR.9/ft_2016.MAR.9.PASS.BDH.SAC).)
Warning(StaSacs): empty/non-accessable sacD (Load: Invalid or non-accessable file (reading from /lustre/janus_scratch/howa1663/Seis_Data/SAC_JdF/Hydrophone/2016.MAR/2016.MAR.9/ft_2016.MAR.9.PHIN.BDH.SAC).)
fmax_comp = inf
Warning(StaSacs): empty/non-accessable sacD (Load: Invalid or non-accessable file (reading from /lustre/janus_scratch/howa1663/Seis_Data/SAC_JdF/Hydrophone/2016.MAR/2016.MAR.9/ft_2016.MAR.9.SP2.BDH.SAC).)
fmax_comp = inf
Warning(StaSacs): empty/non-accessable sacD (Load: Invalid or non-accessable file (reading from /lustre/janus_scratch/howa1663/Seis_Data/SAC_JdF/Hydrophone/2016.MAR/2016.MAR.9/ft_2016.MAR.9.STOR.BDH.SAC).)
fmax_comp = inf
Warning(StaSacs): empty/non-accessable sacD (Load: Invalid or non-accessable file (reading from /lustre/janus_scratch/howa1663/Seis_Data/SAC_JdF/Hydrophone/2016.MAR/2016.MAR.9/ft_2016.MAR.9.TOLT.BDH.SAC).)
fmax_comp = inf
fmax_comp = inf
Warning(StaSacs): empty/non-accessable sacD (Load: Invalid or non-accessable file (reading from /lustre/janus_scratch/howa1663/Seis_Data/SAC_JdF/Hydrophone/2016.MAR/2016.MAR.9/ft_2016.MAR.9.TREE.BDH.SAC).)
Warning(StaSacs): empty/non-accessable sacD (Load: Invalid or non-accessable file (reading from /lustre/janus_scratch/howa1663/Seis_Data/SAC_JdF/Hydrophone/2016.MAR/2016.MAR.9/ft_2016.MAR.9.TUCA.BDH.SAC).)
fmax_comp = inf
Warning(StaSacs): empty/non-accessable sacD (Load: Invalid or non-accessable file (reading from /lustre/janus_scratch/howa1663/Seis_Data/SAC_JdF/Hydrophone/2016.MAR/2016.MAR.9/ft_2016.MAR.9.UMAT.BDH.SAC).)
fmax_comp = inf
fmax_comp = inf
Warning(StaSacs): empty/non-accessable sacD (Load: Invalid or non-accessable file (reading from /lustre/janus_scratch/howa1663/Seis_Data/SAC_JdF/Hydrophone/2016.MAR/2016.MAR.9/ft_2016.MAR.9.WDC.BDH.SAC).)
Warning(StaSacs): empty/non-accessable sacD (Load: Invalid or non-accessable file (reading from /lustre/janus_scratch/howa1663/Seis_Data/SAC_JdF/Hydrophone/2016.MAR/2016.MAR.9/ft_2016.MAR.9.WISH.BDH.SAC).)
fmax_comp = inf
Warning(StaSacs): empty/non-accessable sacD (Load: Invalid or non-accessable file (reading from /lustre/janus_scratch/howa1663/Seis_Data/SAC_JdF/Hydrophone/2016.MAR/2016.MAR.9/ft_2016.MAR.9.WOLL.BDH.SAC).)
fmax_comp = inf
Warning(StaSacs): empty/non-accessable sacD (Load: Invalid or non-accessable file (reading from /lustre/janus_scratch/howa1663/Seis_Data/SAC_JdF/Hydrophone/2016.MAR/2016.MAR.9/ft_2016.MAR.9.WVOR.BDH.SAC).)
fmax_comp = inf
Warning(StaSacs): empty/non-accessable sacD (Load: Invalid or non-accessable file (reading from /lustre/janus_scratch/howa1663/Seis_Data/SAC_JdF/Hydrophone/2016.MAR/2016.MAR.9/ft_2016.MAR.9.YACT.BDH.SAC).)
