235.261700 44.813300
235.666300 46.882000
235.666700 46.882300
235.572000 46.949700
235.474900 46.886800
235.474900 46.887200
235.398700 46.917500
235.344700 46.857800
235.344400 46.857500
235.268400 46.922300
235.268700 46.922000
235.213500 46.855500
235.214000 46.855400
235.123100 46.888800
235.124000 46.888700
235.112300 46.840100
235.112800 46.840200
235.006400 46.897800
235.006500 46.898100
234.954600 46.820500
234.880800 46.888500
234.881000 46.888700
234.698900 47.000400
235.035300 46.024800
235.035800 47.024900
234.483900 46.799600
234.499900 46.800500
234.999500 46.681600
235.275200 46.699800
235.275200 46.700100
235.632900 46.729800
235.633200 46.730100
235.050800 40.326800
235.202000 40.351100
235.199800 40.326000
235.347400 40.273200
235.490300 40.244700
235.494800 40.252800
235.100400 40.386600
235.214700 40.381200
235.193300 40.370000
235.340400 40.339200
235.342300 40.337900
235.540200 40.336600
235.534700 40.334700
235.191500 40.438700
235.196300 40.437700
235.318100 40.433000
235.306000 40.432800
235.422200 40.429200
235.422500 40.428500
235.494100 40.437100
235.489500 40.445600
235.193500 40.493100
235.196600 40.493700
235.408200 40.495500
235.396100 40.492300
235.487400 40.492600
235.475300 40.496400
235.260500 40.538100
235.253200 40.537800
235.403500 40.559800
235.403000 40.559800
235.498400 40.568200
235.533300 40.627900
234.968900 40.389500
235.269000 40.612400
235.536900 40.715100
235.416100 40.711900
235.297200 40.760900
235.479700 40.800000
235.399200 39.999900
234.703100 40.048600
234.702300 40.160300
233.837500 40.059100
233.836600 40.058000
233.838800 40.058700
233.071500 40.058500
233.215300 40.157700
232.252200 40.070600
232.174300 40.143000
235.281300 40.656800
235.273100 40.666500
234.446700 40.677900
234.445600 40.788800
233.623600 40.687500
233.531700 40.784500
232.771100 40.686900
231.971700 40.684000
232.062900 40.748200
235.655400 41.283900
235.566800 41.399600
235.063700 41.301600
234.744200 41.304700
234.226400 41.307400
233.972100 41.331600
233.386700 41.298700
233.136200 41.451600
232.546300 41.316000
232.552000 41.122700
231.726000 41.309200
231.983400 41.433600
235.413900 41.919900
235.273300 41.981100
234.822500 41.924900
234.691700 41.983800
233.983300 41.916600
234.018300 42.001300
233.266100 41.942800
232.516600 41.977200
232.394800 42.217400
231.680700 41.955000
231.680200 41.956500
235.283800 42.548300
235.198000 42.665300
234.799000 42.555400
234.551400 42.572300
233.944200 42.565800
233.601000 42.555700
233.096200 42.599400
233.103500 42.461800
232.278700 42.591300
232.699100 42.628500
231.199000 43.251500
231.200300 43.265200
231.195900 43.252600
235.273000 43.151000
235.272900 43.151400
234.456500 43.349400
234.454900 43.348500
233.632700 43.541400
233.631400 43.541600
235.385200 43.790000
235.386600 43.787300
234.534000 44.008300
234.518600 43.977200
233.728300 44.177700
233.728800 44.179000
232.904800 44.354200
232.891500 44.360400
231.962400 44.534200
230.317500 44.844000
230.317900 44.845900
230.319000 44.843800
230.319500 44.827400
235.378400 44.472900
235.378300 44.471300
235.378300 44.473000
235.369000 44.456700
234.533600 44.654700
234.534700 44.653400
234.533000 44.657700
233.693100 44.847600
233.691700 44.848900
232.843600 45.063600
232.844800 45.063100
232.843300 45.061700
232.844000 45.030100
231.991600 45.175700
231.994200 45.173100
231.093100 45.424200
231.090000 45.426100
230.327300 45.553100
230.327600 45.551900
229.397000 45.714500
235.429200 45.106600
235.429400 45.106600
235.429200 45.106800
234.585500 45.305700
234.584800 45.307000
233.733200 45.498900
233.731700 45.499500
232.877500 45.685500
232.874800 45.686500
232.014700 45.864200
232.014700 45.863500
231.146900 46.039500
231.146400 46.038900
230.355900 46.176000
230.356200 46.176100
235.462800 45.811900
235.462400 45.811700
234.700300 45.933100
234.700900 45.932300
233.827900 46.137800
233.827500 46.137000
232.961000 46.323000
232.959300 46.324000
232.095100 46.520900
232.095300 46.520900
231.211700 46.663900
231.210600 46.664500
230.286500 46.843300
230.286100 46.844000
229.348700 47.130400
229.361500 47.128200
229.349300 47.129500
235.572500 46.437800
235.572200 46.438000
234.700900 46.640200
234.701300 46.641100
233.835900 46.797000
233.836900 46.795700
232.984100 46.992000
232.984200 46.992000
232.077900 47.164200
232.077700 47.164300
231.188400 47.335800
231.188700 47.335800
230.292400 47.530500
230.292200 47.531500
235.549500 47.080100
235.549400 47.080400
234.465600 47.318800
234.465400 47.317800
233.584700 47.509600
233.583200 47.511100
231.802800 47.872500
231.802800 47.872800
229.996700 48.206500
229.998100 48.205400
229.994700 48.204700
234.860400 47.891300
234.860200 47.891300
232.915800 48.150000
232.913200 48.151000
232.170800 48.481000
232.170700 48.481100
231.261400 48.627000
233.807500 48.767700
233.807400 48.767900
233.277900 49.150400
233.277800 49.150400
234.399600 48.307000
234.398800 48.306900
233.896000 47.888300
233.895400 47.888400
234.807800 47.558100
234.807700 45.558400
235.065400 46.173500
235.065500 46.173500
235.073200 45.529500
235.073900 45.528700
234.883200 44.898700
234.883200 44.898800
235.104700 44.118700
235.104600 44.118500
234.941100 44.249700
235.027200 43.624800
234.982900 42.932000
235.053900 42.184000
235.140400 41.671500
234.955400 43.597300
235.410300 40.985000
235.022100 42.913600
235.092600 42.210700
235.192900 41.661800
235.370200 41.037000
235.028800 44.887100
