235.2617 44.8133	-411.9640 10.8669
235.6663 46.8820	-50.8387 11.1682
235.6667 46.8823	-50.7344 11.1682
235.5720 46.9497	-65.1894 11.1484
235.4749 46.8868	-90.5574 11.0974
235.4749 46.8872	-90.5233 11.0983
235.3987 46.9175	-102.8723 11.1513
235.3447 46.8578	-129.1114 11.1116
235.3444 46.8575	-129.2440 11.1123
235.2684 46.9223	-152.3737 11.1948
235.2687 46.9220	-152.2303 11.1933
235.2135 46.8555	-217.1267 11.0796
235.2140 46.8554	-216.6989 11.0809
235.1231 46.8888	-343.0944 11.1398
235.1240 46.8887	-341.5939 11.1401
235.1123 46.8401	-381.5309 11.2217
235.1128 46.8402	-380.6514 11.2213
235.0064 46.8978	-545.8057 11.1514
235.0065 46.8981	-545.4623 11.1510
234.9546 46.8205	-693.4427 11.2366
234.8808 46.8885	-871.2667 11.1577
234.8810 46.8887	-870.9984 11.1580
234.6989 47.0004	-1743.7020 11.0448
235.0353 46.0248	-1055.9910 11.0632
235.0358 47.0249	-464.3946 11.2349
234.4839 46.7996	-1911.5680 11.2131
234.4999 46.8005	-1921.6555 11.0482
234.9995 46.6816	-874.3261 11.2226
235.2752 46.6998	-294.7236 11.1993
235.2752 46.7001	-294.2089 11.1994
235.6329 46.7298	-79.4566 11.1327
235.6332 46.7301	-79.3248 11.1324
235.0508 40.3268	-1456.5875 10.5840
235.2020 40.3511	-1280.4137 10.5812
235.1998 40.3260	-1175.5406 10.5233
235.3474 40.2732	-837.0541 10.5484
235.4903 40.2447	-372.0154 10.5427
235.4948 40.2528	-353.4950 10.5368
235.1004 40.3866	-1769.9423 10.6689
235.2147 40.3812	-1381.5918 10.6692
235.1933 40.3700	-1413.8824 10.5711
235.3404 40.3392	-870.0210 10.5754
235.3423 40.3379	-867.5110 10.5711
235.5402 40.3366	-211.4932 10.5099
235.5347 40.3347	-229.9616 10.5172
235.1915 40.4387	-1694.3053 10.5949
235.1963 40.4377	-1672.7618 10.5776
235.3181 40.4330	-948.3121 10.6189
235.3060 40.4328	-1023.9138 10.5648
235.4222 40.4292	-518.9265 10.5320
235.4225 40.4285	-519.8095 10.5342
235.4941 40.4371	-319.7459 10.5523
235.4895 40.4456	-310.9551 10.5481
235.1935 40.4931	-1815.4294 10.5495
235.1966 40.4937	-1796.9192 10.5464
235.4082 40.4955	-451.2005 10.5971
235.3961 40.4923	-507.8284 10.5248
235.4874 40.4926	-224.5103 10.5576
235.4753 40.4964	-245.0330 10.7276
235.2605 40.5381	-1342.4674 10.6625
235.2532 40.5378	-1403.3727 10.6599
235.4035 40.5598	-442.2446 10.5675
235.4030 40.5598	-445.4130 10.5217
235.4984 40.5682	-164.9845 10.5442
235.5333 40.6279	-147.2457 10.5360
234.9689 40.3895	-2044.8888 10.7328
235.2690 40.6124	-1336.0417 10.5407
235.5369 40.7151	-226.0749 10.5996
235.4161 40.7119	-599.4292 10.5815
235.2972 40.7609	-1081.2855 10.6193
235.4797 40.8000	-462.6150 10.7395
235.3992 39.9999	-891.4382 6.5091
234.7031 40.0486	-1840.8173 8.6494
234.7023 40.1603	-1770.7377 10.5252
233.8375 40.0591	-4050.5090 9.1204
233.8366 40.0580	-4051.2888 9.0895
233.8388 40.0587	-4048.4709 9.1095
233.0715 40.0585	-4382.8828 9.1582
233.2153 40.1577	-4339.5825 10.7606
232.2522 40.0706	-4477.7563 9.5786
232.1743 40.1430	-4431.4805 10.9190
235.2813 40.6568	-1271.5305 10.7577
235.2731 40.6665	-1316.7664 10.5541
234.4467 40.6779	-2924.8701 10.7154
234.4456 40.7888	-3011.4707 10.7234
233.6236 40.6875	-3136.7512 10.8124
233.5317 40.7845	-3137.2051 10.7420
232.7711 40.6869	-2928.6804 11.0419
231.9717 40.6840	-3074.2251 11.0827
232.0629 40.7482	-2947.7219 11.0301
235.6554 41.2839	-219.2646 10.5599
235.5668 41.3996	-285.9119 10.6701
235.0637 41.3016	-1626.8295 10.7667
234.7442 41.3047	-3123.0632 10.7105
234.2264 41.3074	-3049.5847 10.9117
233.9721 41.3316	-3065.0659 10.8205
233.3867 41.2987	-3044.3408 10.9487
233.1362 41.4516	-3053.3801 11.0329
232.5463 41.3160	-2892.7102 11.0037
232.5520 41.1227	-3086.3586 10.9939
231.7260 41.3092	-3098.9985 11.2385
231.9834 41.4336	-3070.0344 10.9393
235.4139 41.9199	-447.7580 10.6136
235.2733 41.9811	-622.4604 10.6755
234.8225 41.9249	-2266.1038 10.7352
234.6917 41.9838	-2953.4026 10.7274
233.9833 41.9166	-3073.1213 10.8515
234.0183 42.0013	-2940.4487 10.9682
233.2661 41.9428	-3027.8438 11.0132
232.5166 41.9772	-3017.8191 11.0639
232.3948 42.2174	-2884.1594 11.1175
231.6807 41.9550	-3158.9263 11.2446
231.6802 41.9565	-3159.9937 11.2445
235.2838 42.5483	-312.0953 10.7689
235.1980 42.6653	-617.5497 10.7893
234.7990 42.5554	-2690.1941 10.7832
234.5514 42.5723	-3081.1414 10.9498
233.9442 42.5658	-2553.5945 11.0099
233.6010 42.5557	-2709.9531 10.8693
233.0962 42.5994	-2664.2883 10.8823
233.1035 42.4618	-3151.7878 11.0095
232.2787 42.5913	-2795.8354 11.1593
232.6991 42.6285	-2823.0762 11.2014
231.1990 43.2515	-3186.7803 11.2033
231.2003 43.2652	-3185.5488 11.4090
231.1959 43.2526	-3188.8870 11.3033
235.2730 43.1510	-206.8635 10.7587
235.2729 43.1514	-207.1708 10.7588
234.4565 43.3494	-3053.4668 10.8743
234.4549 43.3485	-3056.3279 10.8310
233.6327 43.5414	-3016.7708 10.9877
233.6314 43.5416	-3016.2366 10.9860
235.3852 43.7900	-308.0930 10.7784
235.3866 43.7873	-307.0869 10.7819
234.5340 44.0083	-3005.4639 10.9078
234.5186 43.9772	-3018.0212 10.9640
233.7283 44.1777	-2959.5757 10.9385
233.7288 44.1790	-2959.2026 10.9846
232.9048 44.3542	-2888.8679 11.1658
232.8915 44.3604	-2884.1021 11.2134
231.9624 44.5342	-2795.6611 11.4310
230.3175 44.8440	-2684.8530 11.6664
230.3179 44.8459	-2684.0947 11.6640
230.3190 44.8438	-2684.8992 11.6227
230.3195 44.8274	-2693.4045 11.4923
235.3784 44.4729	-141.3226 10.8185
235.3783 44.4713	-140.5375 10.8119
235.3783 44.4730	-141.4313 10.8190
235.3690 44.4567	-138.3444 10.8464
234.5336 44.6547	-2819.4514 11.0063
234.5347 44.6534	-2819.2051 10.9591
234.5330 44.6577	-2818.2634 11.0087
233.6931 44.8476	-2816.8313 11.0702
233.6917 44.8489	-2816.4753 11.1106
232.8436 45.0636	-2879.0051 11.2799
232.8448 45.0631	-2878.6577 11.2809
232.8433 45.0617	-2878.7842 11.2787
232.8440 45.0301	-2867.8865 11.3315
231.9916 45.1757	-2853.2192 11.4402
231.9942 45.1731	-2853.6086 11.4875
231.0931 45.4242	-2794.1282 11.6119
231.0900 45.4261	-2793.3889 11.5601
230.3273 45.5531	-2588.3132 11.6310
230.3276 45.5519	-2590.2566 11.6742
229.3970 45.7145	-2567.3359 11.8545
235.4292 45.1066	-404.4970 10.9864
235.4294 45.1066	-404.4193 10.9864
235.4292 45.1068	-404.4968 10.9862
234.5855 45.3057	-2286.4365 11.0543
234.5848 45.3070	-2288.7095 11.0569
233.7332 45.4989	-2665.4551 11.1996
233.7317 45.4995	-2666.1125 11.1586
232.8775 45.6855	-2823.7332 11.3578
232.8748 45.6865	-2823.3286 11.3617
232.0147 45.8642	-2854.5073 11.3350
232.0147 45.8635	-2854.5339 11.3787
231.1469 46.0395	-2771.9116 11.5921
231.1464 46.0389	-2771.8840 11.5926
230.3559 46.1760	-2403.5845 11.7607
230.3562 46.1761	-2404.0063 11.7606
235.4628 45.8119	-189.5642 10.8653
235.4624 45.8117	-189.7133 10.8658
234.7003 45.9331	-1643.0951 11.1968
234.7009 45.9323	-1642.4562 11.1967
233.8279 46.1378	-2636.1091 11.2895
233.8275 46.1370	-2636.4673 11.3326
232.9610 46.3230	-2721.9988 11.3807
232.9593 46.3240	-2722.0654 11.3822
232.0951 46.5209	-2758.5642 11.6323
232.0953 46.5209	-2758.5630 11.6323
231.2117 46.6639	-2745.6748 11.5790
231.2106 46.6645	-2745.7847 11.5409
230.2865 46.8433	-2691.9082 11.7468
230.2861 46.8440	-2691.8315 11.7476
229.3487 47.1304	-2843.3782 12.0039
229.3615 47.1282	-2833.5557 11.9515
229.3493 47.1295	-2842.7214 12.0076
235.5725 46.4378	-121.6718 11.0444
235.5722 46.4380	-121.8533 11.0443
234.7009 46.6402	-1616.2926 11.1624
234.7013 46.6411	-1613.7228 11.1621
233.8359 46.7970	-2603.4548 11.2747
233.8369 46.7957	-2603.3354 11.2662
232.9841 46.9920	-2623.6990 11.4647
232.9842 46.9920	-2623.6702 11.4644
232.0779 47.1642	-2699.4324 11.6319
232.0777 47.1643	-2699.4331 11.6317
231.1884 47.3358	-2639.8806 11.6907
231.1887 47.3358	-2640.0740 11.6475
230.2924 47.5305	-2721.3181 11.8371
230.2922 47.5315	-2721.5046 11.8341
235.5495 47.0801	-59.0604 11.1100
235.5494 47.0804	-59.0598 11.1087
234.4656 47.3188	-1528.9557 11.2735
234.4654 47.3178	-1531.6448 11.2285
233.5847 47.5096	-2358.6809 11.4662
233.5832 47.5111	-2353.6331 11.5111
231.8028 47.8725	-2656.4441 11.7069
231.8028 47.8728	-2656.4409 11.7066
229.9967 48.2065	-2685.4373 11.8780
229.9981 48.2054	-2685.3254 11.9103
229.9947 48.2047	-2686.7302 11.8762
234.8604 47.8913	-262.7790 11.3112
234.8602 47.8913	-262.9345 11.3111
232.9158 48.1500	-2582.2156 11.5708
232.9132 48.1510	-2582.2446 11.5188
232.1708 48.4810	-2587.4387 11.7619
232.1707 48.4811	-2587.4241 11.7627
231.2614 48.6270	-2412.9954 11.8851
233.8075 48.7677	-228.6695 11.4514
233.8074 48.7679	-228.6674 11.4520
233.2779 49.1504	-247.0061 9.9792
233.2778 49.1504	-247.1368 9.9792
234.3996 48.3070	-208.3714 11.3466
234.3988 48.3069	-208.9390 11.3482
233.8960 47.8883	-1674.1357 11.4031
233.8954 47.8884	-1674.5413 11.4019
234.8078 47.5581	-677.3415 11.1721
234.8077 45.5584	-1524.2932 10.9210
235.0654 46.1735	-1052.9170 11.1169
235.0655 46.1735	-1052.6063 11.1608
235.0732 45.5295	-1322.6832 11.0591
235.0739 45.5287	-1320.0580 11.0614
234.8832 44.8987	-1434.0663 10.8894
234.8832 44.8988	-1433.9727 10.8893
235.1047 44.1187	-285.7126 10.9550
235.1046 44.1185	-286.0453 10.9550
234.9411 44.2497	-1041.5425 10.8791
235.0272 43.6248	-989.3467 10.7661
234.9829 42.9320	-1210.0999 10.7693
235.0539 42.1840	-1136.8037 10.8131
235.1404 41.6715	-931.6998 10.7021
234.9554 43.5973	-1162.3563 10.7908
235.4103 40.9850	-681.0923 10.6265
235.0221 42.9136	-955.3949 10.7141
235.0926 42.2107	-989.0991 10.7601
235.1929 41.6618	-876.6841 10.7157
235.3702 41.0370	-813.8289 10.6428
235.0288 44.8871	-915.5078 10.9633
